<?xml version="1.0" encoding="UTF-8"?>
<testsuites name="1612715 - Run all test cases" time="1940.101" tests="46" failures="30" errors="0">
   <testsuite name="1612715 - Run all test cases" tests="46" failures="30" errors="0" time="1940.101" timestamp="2020-05-29 13:22:16" hostname="tnguyen583 - VNPF1RDYXX.CSCMWS.CSCMWS.COM" id="Test Suites/1612715 - Run all test cases">
      <properties>
[...]
</properties>
      <testcase name="Test Cases/1612175 - Public Channels/1612715 - Test Public Channels_Public" time="27.194" classname="Test Cases/1612175 - Public Channels/1612715 - Test Public Channels_Public" status="PASSED">
         <system-out><![CDATA[2020-05-29 13:22:16 - [TEST_CASE][PASSED] - Test Cases/1612175 - Public Channels/1612715 - Test Public Channels_Public: Test Cases/1612175 - Public Channels/1612715 - Test Public Channels_Public

2020-05-29 13:22:17 - [TEST_STEP][PASSED] - openBrowser(""): Browser is opened with url: ''

2020-05-29 13:22:17 - [MESSAGE][INFO] - Starting 'Firefox' driver

2020-05-29 13:22:17 - [MESSAGE][INFO] - Action delay is set to 0 milliseconds

2020-05-29 13:22:24 - [MESSAGE][PASSED] - Browser is opened with url: ''

2020-05-29 13:22:24 - [TEST_STEP][PASSED] - navigateToUrl("https://mattermost-master.herokuapp.com/teamchudenc/channels/town-square"): Navigate to 'https://mattermost-master.herokuapp.com/teamchudenc/channels/town-square' successfully

2020-05-29 13:22:29 - [MESSAGE][PASSED] - Navigate to 'https://mattermost-master.herokuapp.com/teamchudenc/channels/town-square' successfully

2020-05-29 13:22:29 - [TEST_STEP][PASSED] - setText(findTestObject("Page_Mattermost/input_All team communication in one place s_703ef5"), username): Text '1612759@student.hcmus.edu.vn' is set on object 'Object Repository/Page_Mattermost/input_All team communication in one place s_703ef5'

2020-05-29 13:22:37 - [MESSAGE][PASSED] - Text '1612759@student.hcmus.edu.vn' is set on object 'Object Repository/Page_Mattermost/input_All team communication in one place s_703ef5'

2020-05-29 13:22:37 - [TEST_STEP][PASSED] - setEncryptedText(findTestObject("Page_Mattermost/input_All team communication in one place s_2f2733"), password): Text ****** has been set on object 'Object Repository/Page_Mattermost/input_All team communication in one place s_2f2733'

2020-05-29 13:22:37 - [MESSAGE][PASSED] - Text ****** has been set on object 'Object Repository/Page_Mattermost/input_All team communication in one place s_2f2733'

2020-05-29 13:22:37 - [TEST_STEP][PASSED] - click(findTestObject("Page_Mattermost/span_Sign in")): Object: 'Object Repository/Page_Mattermost/span_Sign in' is clicked on

2020-05-29 13:22:38 - [MESSAGE][PASSED] - Object: 'Object Repository/Page_Mattermost/span_Sign in' is clicked on

2020-05-29 13:22:38 - [TEST_STEP][PASSED] - click(findTestObject("Object Repository/Page_Town Square - TeamChuDeNC Mattermost/span_")): Object: 'Object Repository/Page_Town Square - TeamChuDeNC Mattermost/span_' is clicked on

2020-05-29 13:22:41 - [MESSAGE][PASSED] - Object: 'Object Repository/Page_Town Square - TeamChuDeNC Mattermost/span_' is clicked on

2020-05-29 13:22:41 - [TEST_STEP][PASSED] - click(findTestObject("Object Repository/Page_Town Square - TeamChuDeNC Mattermost/span_Create Channel")): Object: 'Object Repository/Page_Town Square - TeamChuDeNC Mattermost/span_Create Channel' is clicked on

2020-05-29 13:22:42 - [MESSAGE][PASSED] - Object: 'Object Repository/Page_Town Square - TeamChuDeNC Mattermost/span_Create Channel' is clicked on

2020-05-29 13:22:42 - [TEST_STEP][PASSED] - setText(findTestObject("Object Repository/Page_Town Square - TeamChuDeNC Mattermost/input_Name_newChannelName"), name): Text 'test1' is set on object 'Object Repository/Page_Town Square - TeamChuDeNC Mattermost/input_Name_newChannelName'

2020-05-29 13:22:43 - [MESSAGE][PASSED] - Text 'test1' is set on object 'Object Repository/Page_Town Square - TeamChuDeNC Mattermost/input_Name_newChannelName'

2020-05-29 13:22:43 - [TEST_STEP][PASSED] - click(findTestObject("Object Repository/Page_Town Square - TeamChuDeNC Mattermost/span_Create Channel")): Object: 'Object Repository/Page_Town Square - TeamChuDeNC Mattermost/span_Create Channel' is clicked on

2020-05-29 13:22:43 - [MESSAGE][PASSED] - Object: 'Object Repository/Page_Town Square - TeamChuDeNC Mattermost/span_Create Channel' is clicked on]]></system-out>
         <system-err><![CDATA[]]></system-err>
      </testcase>
      <testcase name="Test Cases/1612175 - Public Channels/1612715 - Test Public Channels_Public" time="25.52" classname="Test Cases/1612175 - Public Channels/1612715 - Test Public Channels_Public" status="PASSED">
         <system-out><![CDATA[2020-05-29 13:22:43 - [TEST_CASE][PASSED] - Test Cases/1612175 - Public Channels/1612715 - Test Public Channels_Public: Test Cases/1612175 - Public Channels/1612715 - Test Public Channels_Public

2020-05-29 13:22:43 - [TEST_STEP][PASSED] - openBrowser(""): Browser is opened with url: ''

2020-05-29 13:22:43 - [MESSAGE][WARNING] - A browser is already opened. Closing browser and opening a new one

2020-05-29 13:22:45 - [MESSAGE][INFO] - Starting 'Firefox' driver

2020-05-29 13:22:45 - [MESSAGE][INFO] - Action delay is set to 0 milliseconds

2020-05-29 13:22:50 - [MESSAGE][PASSED] - Browser is opened with url: ''

2020-05-29 13:22:50 - [TEST_STEP][PASSED] - navigateToUrl("https://mattermost-master.herokuapp.com/teamchudenc/channels/town-square"): Navigate to 'https://mattermost-master.herokuapp.com/teamchudenc/channels/town-square' successfully

2020-05-29 13:22:55 - [MESSAGE][PASSED] - Navigate to 'https://mattermost-master.herokuapp.com/teamchudenc/channels/town-square' successfully

2020-05-29 13:22:55 - [TEST_STEP][PASSED] - setText(findTestObject("Page_Mattermost/input_All team communication in one place s_703ef5"), username): Text '1612759@student.hcmus.edu.vn' is set on object 'Object Repository/Page_Mattermost/input_All team communication in one place s_703ef5'

2020-05-29 13:23:03 - [MESSAGE][PASSED] - Text '1612759@student.hcmus.edu.vn' is set on object 'Object Repository/Page_Mattermost/input_All team communication in one place s_703ef5'

2020-05-29 13:23:03 - [TEST_STEP][PASSED] - setEncryptedText(findTestObject("Page_Mattermost/input_All team communication in one place s_2f2733"), password): Text ****** has been set on object 'Object Repository/Page_Mattermost/input_All team communication in one place s_2f2733'

2020-05-29 13:23:03 - [MESSAGE][PASSED] - Text ****** has been set on object 'Object Repository/Page_Mattermost/input_All team communication in one place s_2f2733'

2020-05-29 13:23:03 - [TEST_STEP][PASSED] - click(findTestObject("Page_Mattermost/span_Sign in")): Object: 'Object Repository/Page_Mattermost/span_Sign in' is clicked on

2020-05-29 13:23:04 - [MESSAGE][PASSED] - Object: 'Object Repository/Page_Mattermost/span_Sign in' is clicked on

2020-05-29 13:23:04 - [TEST_STEP][PASSED] - click(findTestObject("Object Repository/Page_Town Square - TeamChuDeNC Mattermost/span_")): Object: 'Object Repository/Page_Town Square - TeamChuDeNC Mattermost/span_' is clicked on

2020-05-29 13:23:07 - [MESSAGE][PASSED] - Object: 'Object Repository/Page_Town Square - TeamChuDeNC Mattermost/span_' is clicked on

2020-05-29 13:23:07 - [TEST_STEP][PASSED] - click(findTestObject("Object Repository/Page_Town Square - TeamChuDeNC Mattermost/span_Create Channel")): Object: 'Object Repository/Page_Town Square - TeamChuDeNC Mattermost/span_Create Channel' is clicked on

2020-05-29 13:23:08 - [MESSAGE][PASSED] - Object: 'Object Repository/Page_Town Square - TeamChuDeNC Mattermost/span_Create Channel' is clicked on

2020-05-29 13:23:08 - [TEST_STEP][PASSED] - setText(findTestObject("Object Repository/Page_Town Square - TeamChuDeNC Mattermost/input_Name_newChannelName"), name): Text 'Test2' is set on object 'Object Repository/Page_Town Square - TeamChuDeNC Mattermost/input_Name_newChannelName'

2020-05-29 13:23:08 - [MESSAGE][PASSED] - Text 'Test2' is set on object 'Object Repository/Page_Town Square - TeamChuDeNC Mattermost/input_Name_newChannelName'

2020-05-29 13:23:08 - [TEST_STEP][PASSED] - click(findTestObject("Object Repository/Page_Town Square - TeamChuDeNC Mattermost/span_Create Channel")): Object: 'Object Repository/Page_Town Square - TeamChuDeNC Mattermost/span_Create Channel' is clicked on

2020-05-29 13:23:09 - [MESSAGE][PASSED] - Object: 'Object Repository/Page_Town Square - TeamChuDeNC Mattermost/span_Create Channel' is clicked on]]></system-out>
         <system-err><![CDATA[]]></system-err>
      </testcase>
      <testcase name="Test Cases/1612175 - Public Channels/1612715 - Test Public Channels_Public" time="63.545" classname="Test Cases/1612175 - Public Channels/1612715 - Test Public Channels_Public" status="FAILED">
         <failure type="FAILED" message="Test Cases/1612175 - Public Channels/1612715 - Test Public Channels_Public FAILED.
Reason:
com.kms.katalon.core.exception.StepFailedException: Unable to click on object 'Object Repository/Page_Town Square - TeamChuDeNC Mattermost/span_'
	at com.kms.katalon.core.webui.keyword.internal.WebUIKeywordMain.stepFailed(WebUIKeywordMain.groovy:64)
	at com.kms.katalon.core.webui.keyword.internal.WebUIKeywordMain.runKeyword(WebUIKeywordMain.groovy:26)
	at com.kms.katalon.core.webui.keyword.builtin.ClickKeyword.click(ClickKeyword.groovy:76)
	at com.kms.katalon.core.webui.keyword.builtin.ClickKeyword.execute(ClickKeyword.groovy:43)
	at com.kms.katalon.core.keyword.internal.KeywordExecutor.executeKeywordForPlatform(KeywordExecutor.groovy:72)
	at com.kms.katalon.core.webui.keyword.WebUiBuiltInKeywords.click(WebUiBuiltInKeywords.groovy:616)
	at com.kms.katalon.core.webui.keyword.WebUiBuiltInKeywords$click$3.call(Unknown Source)
	at 1612715 - Test Public Channels_Public.run(1612715 - Test Public Channels_Public:29)
	at com.kms.katalon.core.main.ScriptEngine.run(ScriptEngine.java:194)
	at com.kms.katalon.core.main.ScriptEngine.runScriptAsRawText(ScriptEngine.java:119)
	at com.kms.katalon.core.main.TestCaseExecutor.runScript(TestCaseExecutor.java:337)
	at com.kms.katalon.core.main.TestCaseExecutor.doExecute(TestCaseExecutor.java:328)
	at com.kms.katalon.core.main.TestCaseExecutor.processExecutionPhase(TestCaseExecutor.java:307)
	at com.kms.katalon.core.main.TestCaseExecutor.accessMainPhase(TestCaseExecutor.java:299)
	at com.kms.katalon.core.main.TestCaseExecutor.execute(TestCaseExecutor.java:233)
	at com.kms.katalon.core.main.TestSuiteExecutor.accessTestCaseMainPhase(TestSuiteExecutor.java:169)
	at com.kms.katalon.core.main.TestSuiteExecutor.accessTestSuiteMainPhase(TestSuiteExecutor.java:142)
	at com.kms.katalon.core.main.TestSuiteExecutor.execute(TestSuiteExecutor.java:91)
	at com.kms.katalon.core.main.TestCaseMain.startTestSuite(TestCaseMain.java:157)
	at com.kms.katalon.core.main.TestCaseMain$startTestSuite$0.call(Unknown Source)
	at TempTestSuite1590733332872.run(TempTestSuite1590733332872.groovy:37)
Caused by: com.kms.katalon.core.webui.exception.WebElementNotFoundException: Web element with id: 'Object Repository/Page_Town Square - TeamChuDeNC Mattermost/span_' located by 'By.xpath: //button[@id='createPublicChannel']/span' not found
	at com.kms.katalon.core.webui.common.WebUiCommonHelper.findWebElement(WebUiCommonHelper.java:1154)
	at com.kms.katalon.core.webui.keyword.internal.WebUIAbstractKeyword.findWebElement(WebUIAbstractKeyword.groovy:27)
	at com.kms.katalon.core.webui.keyword.internal.WebUIAbstractKeyword.findWebElement(WebUIAbstractKeyword.groovy:26)
	at com.kms.katalon.core.webui.keyword.builtin.ClickKeyword$_click_closure1.doCall(ClickKeyword.groovy:67)
	at com.kms.katalon.core.webui.keyword.builtin.ClickKeyword$_click_closure1.call(ClickKeyword.groovy)
	at com.kms.katalon.core.webui.keyword.internal.WebUIKeywordMain.runKeyword(WebUIKeywordMain.groovy:20)
	... 19 more
"/>
         <system-out><![CDATA[2020-05-29 13:23:09 - [TEST_CASE][FAILED] - Test Cases/1612175 - Public Channels/1612715 - Test Public Channels_Public: Test Cases/1612175 - Public Channels/1612715 - Test Public Channels_Public FAILED.
Reason:
com.kms.katalon.core.exception.StepFailedException: Unable to click on object 'Object Repository/Page_Town Square - TeamChuDeNC Mattermost/span_'
	at com.kms.katalon.core.webui.keyword.internal.WebUIKeywordMain.stepFailed(WebUIKeywordMain.groovy:64)
	at com.kms.katalon.core.webui.keyword.internal.WebUIKeywordMain.runKeyword(WebUIKeywordMain.groovy:26)
	at com.kms.katalon.core.webui.keyword.builtin.ClickKeyword.click(ClickKeyword.groovy:76)
	at com.kms.katalon.core.webui.keyword.builtin.ClickKeyword.execute(ClickKeyword.groovy:43)
	at com.kms.katalon.core.keyword.internal.KeywordExecutor.executeKeywordForPlatform(KeywordExecutor.groovy:72)
	at com.kms.katalon.core.webui.keyword.WebUiBuiltInKeywords.click(WebUiBuiltInKeywords.groovy:616)
	at com.kms.katalon.core.webui.keyword.WebUiBuiltInKeywords$click$3.call(Unknown Source)
	at 1612715 - Test Public Channels_Public.run(1612715 - Test Public Channels_Public:29)
	at com.kms.katalon.core.main.ScriptEngine.run(ScriptEngine.java:194)
	at com.kms.katalon.core.main.ScriptEngine.runScriptAsRawText(ScriptEngine.java:119)
	at com.kms.katalon.core.main.TestCaseExecutor.runScript(TestCaseExecutor.java:337)
	at com.kms.katalon.core.main.TestCaseExecutor.doExecute(TestCaseExecutor.java:328)
	at com.kms.katalon.core.main.TestCaseExecutor.processExecutionPhase(TestCaseExecutor.java:307)
	at com.kms.katalon.core.main.TestCaseExecutor.accessMainPhase(TestCaseExecutor.java:299)
	at com.kms.katalon.core.main.TestCaseExecutor.execute(TestCaseExecutor.java:233)
	at com.kms.katalon.core.main.TestSuiteExecutor.accessTestCaseMainPhase(TestSuiteExecutor.java:169)
	at com.kms.katalon.core.main.TestSuiteExecutor.accessTestSuiteMainPhase(TestSuiteExecutor.java:142)
	at com.kms.katalon.core.main.TestSuiteExecutor.execute(TestSuiteExecutor.java:91)
	at com.kms.katalon.core.main.TestCaseMain.startTestSuite(TestCaseMain.java:157)
	at com.kms.katalon.core.main.TestCaseMain$startTestSuite$0.call(Unknown Source)
	at TempTestSuite1590733332872.run(TempTestSuite1590733332872.groovy:37)
Caused by: com.kms.katalon.core.webui.exception.WebElementNotFoundException: Web element with id: 'Object Repository/Page_Town Square - TeamChuDeNC Mattermost/span_' located by 'By.xpath: //button[@id='createPublicChannel']/span' not found
	at com.kms.katalon.core.webui.common.WebUiCommonHelper.findWebElement(WebUiCommonHelper.java:1154)
	at com.kms.katalon.core.webui.keyword.internal.WebUIAbstractKeyword.findWebElement(WebUIAbstractKeyword.groovy:27)
	at com.kms.katalon.core.webui.keyword.internal.WebUIAbstractKeyword.findWebElement(WebUIAbstractKeyword.groovy:26)
	at com.kms.katalon.core.webui.keyword.builtin.ClickKeyword$_click_closure1.doCall(ClickKeyword.groovy:67)
	at com.kms.katalon.core.webui.keyword.builtin.ClickKeyword$_click_closure1.call(ClickKeyword.groovy)
	at com.kms.katalon.core.webui.keyword.internal.WebUIKeywordMain.runKeyword(WebUIKeywordMain.groovy:20)
	... 19 more


2020-05-29 13:23:09 - [TEST_STEP][PASSED] - openBrowser(""): Browser is opened with url: ''

2020-05-29 13:23:09 - [MESSAGE][WARNING] - A browser is already opened. Closing browser and opening a new one

2020-05-29 13:23:11 - [MESSAGE][INFO] - Starting 'Firefox' driver

2020-05-29 13:23:11 - [MESSAGE][INFO] - Action delay is set to 0 milliseconds

2020-05-29 13:23:15 - [MESSAGE][PASSED] - Browser is opened with url: ''

2020-05-29 13:23:15 - [TEST_STEP][PASSED] - navigateToUrl("https://mattermost-master.herokuapp.com/teamchudenc/channels/town-square"): Navigate to 'https://mattermost-master.herokuapp.com/teamchudenc/channels/town-square' successfully

2020-05-29 13:23:20 - [MESSAGE][PASSED] - Navigate to 'https://mattermost-master.herokuapp.com/teamchudenc/channels/town-square' successfully

2020-05-29 13:23:20 - [TEST_STEP][PASSED] - setText(findTestObject("Page_Mattermost/input_All team communication in one place s_703ef5"), username): Text '1512759@student.hcmus.edu.vn' is set on object 'Object Repository/Page_Mattermost/input_All team communication in one place s_703ef5'

2020-05-29 13:23:27 - [MESSAGE][PASSED] - Text '1512759@student.hcmus.edu.vn' is set on object 'Object Repository/Page_Mattermost/input_All team communication in one place s_703ef5'

2020-05-29 13:23:27 - [TEST_STEP][PASSED] - setEncryptedText(findTestObject("Page_Mattermost/input_All team communication in one place s_2f2733"), password): Text ****** has been set on object 'Object Repository/Page_Mattermost/input_All team communication in one place s_2f2733'

2020-05-29 13:23:28 - [MESSAGE][PASSED] - Text ****** has been set on object 'Object Repository/Page_Mattermost/input_All team communication in one place s_2f2733'

2020-05-29 13:23:28 - [TEST_STEP][PASSED] - click(findTestObject("Page_Mattermost/span_Sign in")): Object: 'Object Repository/Page_Mattermost/span_Sign in' is clicked on

2020-05-29 13:23:28 - [MESSAGE][PASSED] - Object: 'Object Repository/Page_Mattermost/span_Sign in' is clicked on

2020-05-29 13:23:28 - [TEST_STEP][FAILED] - click(findTestObject("Object Repository/Page_Town Square - TeamChuDeNC Mattermost/span_")): Unable to click on object 'Object Repository/Page_Town Square - TeamChuDeNC Mattermost/span_' (Root cause: com.kms.katalon.core.exception.StepFailedException: Unable to click on object 'Object Repository/Page_Town Square - TeamChuDeNC Mattermost/span_'
	at com.kms.katalon.core.webui.keyword.internal.WebUIKeywordMain.stepFailed(WebUIKeywordMain.groovy:64)
	at com.kms.katalon.core.webui.keyword.internal.WebUIKeywordMain.runKeyword(WebUIKeywordMain.groovy:26)
	at com.kms.katalon.core.webui.keyword.builtin.ClickKeyword.click(ClickKeyword.groovy:76)
	at com.kms.katalon.core.webui.keyword.builtin.ClickKeyword.execute(ClickKeyword.groovy:43)
	at com.kms.katalon.core.keyword.internal.KeywordExecutor.executeKeywordForPlatform(KeywordExecutor.groovy:72)
	at com.kms.katalon.core.webui.keyword.WebUiBuiltInKeywords.click(WebUiBuiltInKeywords.groovy:616)
	at com.kms.katalon.core.webui.keyword.WebUiBuiltInKeywords$click$3.call(Unknown Source)
	at 1612715 - Test Public Channels_Public.run(1612715 - Test Public Channels_Public:29)
	at com.kms.katalon.core.main.ScriptEngine.run(ScriptEngine.java:194)
	at com.kms.katalon.core.main.ScriptEngine.runScriptAsRawText(ScriptEngine.java:119)
	at com.kms.katalon.core.main.TestCaseExecutor.runScript(TestCaseExecutor.java:337)
	at com.kms.katalon.core.main.TestCaseExecutor.doExecute(TestCaseExecutor.java:328)
	at com.kms.katalon.core.main.TestCaseExecutor.processExecutionPhase(TestCaseExecutor.java:307)
	at com.kms.katalon.core.main.TestCaseExecutor.accessMainPhase(TestCaseExecutor.java:299)
	at com.kms.katalon.core.main.TestCaseExecutor.execute(TestCaseExecutor.java:233)
	at com.kms.katalon.core.main.TestSuiteExecutor.accessTestCaseMainPhase(TestSuiteExecutor.java:169)
	at com.kms.katalon.core.main.TestSuiteExecutor.accessTestSuiteMainPhase(TestSuiteExecutor.java:142)
	at com.kms.katalon.core.main.TestSuiteExecutor.execute(TestSuiteExecutor.java:91)
	at com.kms.katalon.core.main.TestCaseMain.startTestSuite(TestCaseMain.java:157)
	at com.kms.katalon.core.main.TestCaseMain$startTestSuite$0.call(Unknown Source)
	at TempTestSuite1590733332872.run(TempTestSuite1590733332872.groovy:37)
Caused by: com.kms.katalon.core.webui.exception.WebElementNotFoundException: Web element with id: 'Object Repository/Page_Town Square - TeamChuDeNC Mattermost/span_' located by 'By.xpath: //button[@id='createPublicChannel']/span' not found
	at com.kms.katalon.core.webui.common.WebUiCommonHelper.findWebElement(WebUiCommonHelper.java:1154)
	at com.kms.katalon.core.webui.keyword.internal.WebUIAbstractKeyword.findWebElement(WebUIAbstractKeyword.groovy:27)
	at com.kms.katalon.core.webui.keyword.internal.WebUIAbstractKeyword.findWebElement(WebUIAbstractKeyword.groovy:26)
	at com.kms.katalon.core.webui.keyword.builtin.ClickKeyword$_click_closure1.doCall(ClickKeyword.groovy:67)
	at com.kms.katalon.core.webui.keyword.builtin.ClickKeyword$_click_closure1.call(ClickKeyword.groovy)
	at com.kms.katalon.core.webui.keyword.internal.WebUIKeywordMain.runKeyword(WebUIKeywordMain.groovy:20)
	at com.kms.katalon.core.webui.keyword.builtin.ClickKeyword.click(ClickKeyword.groovy:76)
	at com.kms.katalon.core.webui.keyword.builtin.ClickKeyword.execute(ClickKeyword.groovy:43)
	at com.kms.katalon.core.keyword.internal.KeywordExecutor.executeKeywordForPlatform(KeywordExecutor.groovy:72)
	at com.kms.katalon.core.webui.keyword.WebUiBuiltInKeywords.click(WebUiBuiltInKeywords.groovy:616)
	at com.kms.katalon.core.webui.keyword.WebUiBuiltInKeywords$click$3.call(Unknown Source)
	at Script1590719651652.run(Script1590719651652.groovy:29)
	... 13 more
)

2020-05-29 13:24:12 - [MESSAGE][INFO] - Unable to find the element located by 'By.xpath: //button[@id='createPublicChannel']/span'. Please recheck the objects properties to make sure the desired element is located. 

2020-05-29 13:24:12 - [MESSAGE][FAILED] - Unable to click on object 'Object Repository/Page_Town Square - TeamChuDeNC Mattermost/span_' (Root cause: com.kms.katalon.core.exception.StepFailedException: Unable to click on object 'Object Repository/Page_Town Square - TeamChuDeNC Mattermost/span_'
	at com.kms.katalon.core.webui.keyword.internal.WebUIKeywordMain.stepFailed(WebUIKeywordMain.groovy:64)
	at com.kms.katalon.core.webui.keyword.internal.WebUIKeywordMain.runKeyword(WebUIKeywordMain.groovy:26)
	at com.kms.katalon.core.webui.keyword.builtin.ClickKeyword.click(ClickKeyword.groovy:76)
	at com.kms.katalon.core.webui.keyword.builtin.ClickKeyword.execute(ClickKeyword.groovy:43)
	at com.kms.katalon.core.keyword.internal.KeywordExecutor.executeKeywordForPlatform(KeywordExecutor.groovy:72)
	at com.kms.katalon.core.webui.keyword.WebUiBuiltInKeywords.click(WebUiBuiltInKeywords.groovy:616)
	at com.kms.katalon.core.webui.keyword.WebUiBuiltInKeywords$click$3.call(Unknown Source)
	at 1612715 - Test Public Channels_Public.run(1612715 - Test Public Channels_Public:29)
	at com.kms.katalon.core.main.ScriptEngine.run(ScriptEngine.java:194)
	at com.kms.katalon.core.main.ScriptEngine.runScriptAsRawText(ScriptEngine.java:119)
	at com.kms.katalon.core.main.TestCaseExecutor.runScript(TestCaseExecutor.java:337)
	at com.kms.katalon.core.main.TestCaseExecutor.doExecute(TestCaseExecutor.java:328)
	at com.kms.katalon.core.main.TestCaseExecutor.processExecutionPhase(TestCaseExecutor.java:307)
	at com.kms.katalon.core.main.TestCaseExecutor.accessMainPhase(TestCaseExecutor.java:299)
	at com.kms.katalon.core.main.TestCaseExecutor.execute(TestCaseExecutor.java:233)
	at com.kms.katalon.core.main.TestSuiteExecutor.accessTestCaseMainPhase(TestSuiteExecutor.java:169)
	at com.kms.katalon.core.main.TestSuiteExecutor.accessTestSuiteMainPhase(TestSuiteExecutor.java:142)
	at com.kms.katalon.core.main.TestSuiteExecutor.execute(TestSuiteExecutor.java:91)
	at com.kms.katalon.core.main.TestCaseMain.startTestSuite(TestCaseMain.java:157)
	at com.kms.katalon.core.main.TestCaseMain$startTestSuite$0.call(Unknown Source)
	at TempTestSuite1590733332872.run(TempTestSuite1590733332872.groovy:37)
Caused by: com.kms.katalon.core.webui.exception.WebElementNotFoundException: Web element with id: 'Object Repository/Page_Town Square - TeamChuDeNC Mattermost/span_' located by 'By.xpath: //button[@id='createPublicChannel']/span' not found
	at com.kms.katalon.core.webui.common.WebUiCommonHelper.findWebElement(WebUiCommonHelper.java:1154)
	at com.kms.katalon.core.webui.keyword.internal.WebUIAbstractKeyword.findWebElement(WebUIAbstractKeyword.groovy:27)
	at com.kms.katalon.core.webui.keyword.internal.WebUIAbstractKeyword.findWebElement(WebUIAbstractKeyword.groovy:26)
	at com.kms.katalon.core.webui.keyword.builtin.ClickKeyword$_click_closure1.doCall(ClickKeyword.groovy:67)
	at com.kms.katalon.core.webui.keyword.builtin.ClickKeyword$_click_closure1.call(ClickKeyword.groovy)
	at com.kms.katalon.core.webui.keyword.internal.WebUIKeywordMain.runKeyword(WebUIKeywordMain.groovy:20)
	at com.kms.katalon.core.webui.keyword.builtin.ClickKeyword.click(ClickKeyword.groovy:76)
	at com.kms.katalon.core.webui.keyword.builtin.ClickKeyword.execute(ClickKeyword.groovy:43)
	at com.kms.katalon.core.keyword.internal.KeywordExecutor.executeKeywordForPlatform(KeywordExecutor.groovy:72)
	at com.kms.katalon.core.webui.keyword.WebUiBuiltInKeywords.click(WebUiBuiltInKeywords.groovy:616)
	at com.kms.katalon.core.webui.keyword.WebUiBuiltInKeywords$click$3.call(Unknown Source)
	at Script1590719651652.run(Script1590719651652.groovy:29)
	... 13 more
)
[[ATTACHMENT|C:\\Users\\tnguyen583\\Desktop\\HCMUS\\CDNC\\HW2\\Hw2_TestMattermost_8\\Reports\\20200529_132203\\1612715 - Run all test cases\\20200529_132203\\1590733452795.png]]]]></system-out>
         <system-err><![CDATA[2020-05-29 13:23:09 - [TEST_CASE][FAILED] - Test Cases/1612175 - Public Channels/1612715 - Test Public Channels_Public: Test Cases/1612175 - Public Channels/1612715 - Test Public Channels_Public FAILED.
Reason:
com.kms.katalon.core.exception.StepFailedException: Unable to click on object 'Object Repository/Page_Town Square - TeamChuDeNC Mattermost/span_'
	at com.kms.katalon.core.webui.keyword.internal.WebUIKeywordMain.stepFailed(WebUIKeywordMain.groovy:64)
	at com.kms.katalon.core.webui.keyword.internal.WebUIKeywordMain.runKeyword(WebUIKeywordMain.groovy:26)
	at com.kms.katalon.core.webui.keyword.builtin.ClickKeyword.click(ClickKeyword.groovy:76)
	at com.kms.katalon.core.webui.keyword.builtin.ClickKeyword.execute(ClickKeyword.groovy:43)
	at com.kms.katalon.core.keyword.internal.KeywordExecutor.executeKeywordForPlatform(KeywordExecutor.groovy:72)
	at com.kms.katalon.core.webui.keyword.WebUiBuiltInKeywords.click(WebUiBuiltInKeywords.groovy:616)
	at com.kms.katalon.core.webui.keyword.WebUiBuiltInKeywords$click$3.call(Unknown Source)
	at 1612715 - Test Public Channels_Public.run(1612715 - Test Public Channels_Public:29)
	at com.kms.katalon.core.main.ScriptEngine.run(ScriptEngine.java:194)
	at com.kms.katalon.core.main.ScriptEngine.runScriptAsRawText(ScriptEngine.java:119)
	at com.kms.katalon.core.main.TestCaseExecutor.runScript(TestCaseExecutor.java:337)
	at com.kms.katalon.core.main.TestCaseExecutor.doExecute(TestCaseExecutor.java:328)
	at com.kms.katalon.core.main.TestCaseExecutor.processExecutionPhase(TestCaseExecutor.java:307)
	at com.kms.katalon.core.main.TestCaseExecutor.accessMainPhase(TestCaseExecutor.java:299)
	at com.kms.katalon.core.main.TestCaseExecutor.execute(TestCaseExecutor.java:233)
	at com.kms.katalon.core.main.TestSuiteExecutor.accessTestCaseMainPhase(TestSuiteExecutor.java:169)
	at com.kms.katalon.core.main.TestSuiteExecutor.accessTestSuiteMainPhase(TestSuiteExecutor.java:142)
	at com.kms.katalon.core.main.TestSuiteExecutor.execute(TestSuiteExecutor.java:91)
	at com.kms.katalon.core.main.TestCaseMain.startTestSuite(TestCaseMain.java:157)
	at com.kms.katalon.core.main.TestCaseMain$startTestSuite$0.call(Unknown Source)
	at TempTestSuite1590733332872.run(TempTestSuite1590733332872.groovy:37)
Caused by: com.kms.katalon.core.webui.exception.WebElementNotFoundException: Web element with id: 'Object Repository/Page_Town Square - TeamChuDeNC Mattermost/span_' located by 'By.xpath: //button[@id='createPublicChannel']/span' not found
	at com.kms.katalon.core.webui.common.WebUiCommonHelper.findWebElement(WebUiCommonHelper.java:1154)
	at com.kms.katalon.core.webui.keyword.internal.WebUIAbstractKeyword.findWebElement(WebUIAbstractKeyword.groovy:27)
	at com.kms.katalon.core.webui.keyword.internal.WebUIAbstractKeyword.findWebElement(WebUIAbstractKeyword.groovy:26)
	at com.kms.katalon.core.webui.keyword.builtin.ClickKeyword$_click_closure1.doCall(ClickKeyword.groovy:67)
	at com.kms.katalon.core.webui.keyword.builtin.ClickKeyword$_click_closure1.call(ClickKeyword.groovy)
	at com.kms.katalon.core.webui.keyword.internal.WebUIKeywordMain.runKeyword(WebUIKeywordMain.groovy:20)
	... 19 more]]></system-err>
      </testcase>
      <testcase name="Test Cases/1612175 - Public Channels/1612715 - Test Public Channels_Public_1" time="25.987" classname="Test Cases/1612175 - Public Channels/1612715 - Test Public Channels_Public_1" status="PASSED">
         <system-out><![CDATA[2020-05-29 13:24:13 - [TEST_CASE][PASSED] - Test Cases/1612175 - Public Channels/1612715 - Test Public Channels_Public_1: Test Cases/1612175 - Public Channels/1612715 - Test Public Channels_Public_1

2020-05-29 13:24:13 - [TEST_STEP][PASSED] - openBrowser(""): Browser is opened with url: ''

2020-05-29 13:24:13 - [MESSAGE][WARNING] - A browser is already opened. Closing browser and opening a new one

2020-05-29 13:24:14 - [MESSAGE][INFO] - Starting 'Firefox' driver

2020-05-29 13:24:14 - [MESSAGE][INFO] - Action delay is set to 0 milliseconds

2020-05-29 13:24:19 - [MESSAGE][PASSED] - Browser is opened with url: ''

2020-05-29 13:24:19 - [TEST_STEP][PASSED] - navigateToUrl("https://mattermost-master.herokuapp.com/teamchudenc/channels/town-square"): Navigate to 'https://mattermost-master.herokuapp.com/teamchudenc/channels/town-square' successfully

2020-05-29 13:24:24 - [MESSAGE][PASSED] - Navigate to 'https://mattermost-master.herokuapp.com/teamchudenc/channels/town-square' successfully

2020-05-29 13:24:24 - [TEST_STEP][PASSED] - setText(findTestObject("Page_Mattermost/input_All team communication in one place s_703ef5"), username): Text '1612759@student.hcmus.edu.vn' is set on object 'Object Repository/Page_Mattermost/input_All team communication in one place s_703ef5'

2020-05-29 13:24:32 - [MESSAGE][PASSED] - Text '1612759@student.hcmus.edu.vn' is set on object 'Object Repository/Page_Mattermost/input_All team communication in one place s_703ef5'

2020-05-29 13:24:32 - [TEST_STEP][PASSED] - setEncryptedText(findTestObject("Page_Mattermost/input_All team communication in one place s_2f2733"), password): Text ****** has been set on object 'Object Repository/Page_Mattermost/input_All team communication in one place s_2f2733'

2020-05-29 13:24:32 - [MESSAGE][PASSED] - Text ****** has been set on object 'Object Repository/Page_Mattermost/input_All team communication in one place s_2f2733'

2020-05-29 13:24:32 - [TEST_STEP][PASSED] - click(findTestObject("Page_Mattermost/span_Sign in")): Object: 'Object Repository/Page_Mattermost/span_Sign in' is clicked on

2020-05-29 13:24:33 - [MESSAGE][PASSED] - Object: 'Object Repository/Page_Mattermost/span_Sign in' is clicked on

2020-05-29 13:24:33 - [TEST_STEP][PASSED] - click(findTestObject("Page_Town Square - TeamChuDeNC Mattermost/span_")): Object: 'Object Repository/Page_Town Square - TeamChuDeNC Mattermost/span_' is clicked on

2020-05-29 13:24:36 - [MESSAGE][PASSED] - Object: 'Object Repository/Page_Town Square - TeamChuDeNC Mattermost/span_' is clicked on

2020-05-29 13:24:36 - [TEST_STEP][PASSED] - setText(findTestObject("Page_Town Square - TeamChuDeNC Mattermost/input_Name_newChannelName"), name): Text 'test1' is set on object 'Object Repository/Page_Town Square - TeamChuDeNC Mattermost/input_Name_newChannelName'

2020-05-29 13:24:37 - [MESSAGE][PASSED] - Text 'test1' is set on object 'Object Repository/Page_Town Square - TeamChuDeNC Mattermost/input_Name_newChannelName'

2020-05-29 13:24:37 - [TEST_STEP][PASSED] - setText(findTestObject("Object Repository/Page_Town Square - TeamChuDeNC Mattermost/textarea_tes"), purpose): Text 'test p 1' is set on object 'Object Repository/Page_Town Square - TeamChuDeNC Mattermost/textarea_tes'

2020-05-29 13:24:38 - [MESSAGE][PASSED] - Text 'test p 1' is set on object 'Object Repository/Page_Town Square - TeamChuDeNC Mattermost/textarea_tes'

2020-05-29 13:24:38 - [TEST_STEP][PASSED] - click(findTestObject("Page_Town Square - TeamChuDeNC Mattermost/span_Create Channel")): Object: 'Object Repository/Page_Town Square - TeamChuDeNC Mattermost/span_Create Channel' is clicked on

2020-05-29 13:24:38 - [MESSAGE][PASSED] - Object: 'Object Repository/Page_Town Square - TeamChuDeNC Mattermost/span_Create Channel' is clicked on]]></system-out>
         <system-err><![CDATA[]]></system-err>
      </testcase>
      <testcase name="Test Cases/1612175 - Public Channels/1612715 - Test Public Channels_Public_1" time="25.612" classname="Test Cases/1612175 - Public Channels/1612715 - Test Public Channels_Public_1" status="PASSED">
         <system-out><![CDATA[2020-05-29 13:24:39 - [TEST_CASE][PASSED] - Test Cases/1612175 - Public Channels/1612715 - Test Public Channels_Public_1: Test Cases/1612175 - Public Channels/1612715 - Test Public Channels_Public_1

2020-05-29 13:24:39 - [TEST_STEP][PASSED] - openBrowser(""): Browser is opened with url: ''

2020-05-29 13:24:39 - [MESSAGE][WARNING] - A browser is already opened. Closing browser and opening a new one

2020-05-29 13:24:41 - [MESSAGE][INFO] - Starting 'Firefox' driver

2020-05-29 13:24:41 - [MESSAGE][INFO] - Action delay is set to 0 milliseconds

2020-05-29 13:24:46 - [MESSAGE][PASSED] - Browser is opened with url: ''

2020-05-29 13:24:46 - [TEST_STEP][PASSED] - navigateToUrl("https://mattermost-master.herokuapp.com/teamchudenc/channels/town-square"): Navigate to 'https://mattermost-master.herokuapp.com/teamchudenc/channels/town-square' successfully

2020-05-29 13:24:50 - [MESSAGE][PASSED] - Navigate to 'https://mattermost-master.herokuapp.com/teamchudenc/channels/town-square' successfully

2020-05-29 13:24:50 - [TEST_STEP][PASSED] - setText(findTestObject("Page_Mattermost/input_All team communication in one place s_703ef5"), username): Text '1612759@student.hcmus.edu.vn' is set on object 'Object Repository/Page_Mattermost/input_All team communication in one place s_703ef5'

2020-05-29 13:24:58 - [MESSAGE][PASSED] - Text '1612759@student.hcmus.edu.vn' is set on object 'Object Repository/Page_Mattermost/input_All team communication in one place s_703ef5'

2020-05-29 13:24:58 - [TEST_STEP][PASSED] - setEncryptedText(findTestObject("Page_Mattermost/input_All team communication in one place s_2f2733"), password): Text ****** has been set on object 'Object Repository/Page_Mattermost/input_All team communication in one place s_2f2733'

2020-05-29 13:24:58 - [MESSAGE][PASSED] - Text ****** has been set on object 'Object Repository/Page_Mattermost/input_All team communication in one place s_2f2733'

2020-05-29 13:24:58 - [TEST_STEP][PASSED] - click(findTestObject("Page_Mattermost/span_Sign in")): Object: 'Object Repository/Page_Mattermost/span_Sign in' is clicked on

2020-05-29 13:24:59 - [MESSAGE][PASSED] - Object: 'Object Repository/Page_Mattermost/span_Sign in' is clicked on

2020-05-29 13:24:59 - [TEST_STEP][PASSED] - click(findTestObject("Page_Town Square - TeamChuDeNC Mattermost/span_")): Object: 'Object Repository/Page_Town Square - TeamChuDeNC Mattermost/span_' is clicked on

2020-05-29 13:25:02 - [MESSAGE][PASSED] - Object: 'Object Repository/Page_Town Square - TeamChuDeNC Mattermost/span_' is clicked on

2020-05-29 13:25:02 - [TEST_STEP][PASSED] - setText(findTestObject("Page_Town Square - TeamChuDeNC Mattermost/input_Name_newChannelName"), name): Text 'Test2' is set on object 'Object Repository/Page_Town Square - TeamChuDeNC Mattermost/input_Name_newChannelName'

2020-05-29 13:25:03 - [MESSAGE][PASSED] - Text 'Test2' is set on object 'Object Repository/Page_Town Square - TeamChuDeNC Mattermost/input_Name_newChannelName'

2020-05-29 13:25:03 - [TEST_STEP][PASSED] - setText(findTestObject("Object Repository/Page_Town Square - TeamChuDeNC Mattermost/textarea_tes"), purpose): Text 'test p 2' is set on object 'Object Repository/Page_Town Square - TeamChuDeNC Mattermost/textarea_tes'

2020-05-29 13:25:03 - [MESSAGE][PASSED] - Text 'test p 2' is set on object 'Object Repository/Page_Town Square - TeamChuDeNC Mattermost/textarea_tes'

2020-05-29 13:25:03 - [TEST_STEP][PASSED] - click(findTestObject("Page_Town Square - TeamChuDeNC Mattermost/span_Create Channel")): Object: 'Object Repository/Page_Town Square - TeamChuDeNC Mattermost/span_Create Channel' is clicked on

2020-05-29 13:25:04 - [MESSAGE][PASSED] - Object: 'Object Repository/Page_Town Square - TeamChuDeNC Mattermost/span_Create Channel' is clicked on]]></system-out>
         <system-err><![CDATA[]]></system-err>
      </testcase>
      <testcase name="Test Cases/1612175 - Public Channels/1612715 - Test Public Channels_Public_1" time="19.744" classname="Test Cases/1612175 - Public Channels/1612715 - Test Public Channels_Public_1" status="FAILED">
         <failure type="FAILED" message="Test Cases/1612175 - Public Channels/1612715 - Test Public Channels_Public_1 FAILED.
Reason:
com.kms.katalon.core.exception.StepFailedException: Unable to set encrypted text for object 'Object Repository/Page_Mattermost/input_All team communication in one place s_2f2733'
	at com.kms.katalon.core.webui.keyword.internal.WebUIKeywordMain.stepFailed(WebUIKeywordMain.groovy:64)
	at com.kms.katalon.core.webui.keyword.internal.WebUIKeywordMain.runKeyword(WebUIKeywordMain.groovy:26)
	at com.kms.katalon.core.webui.keyword.builtin.SetEncryptedTextKeyword.setEncryptedText(SetEncryptedTextKeyword.groovy:65)
	at com.kms.katalon.core.webui.keyword.builtin.SetEncryptedTextKeyword.execute(SetEncryptedTextKeyword.groovy:34)
	at com.kms.katalon.core.keyword.internal.KeywordExecutor.executeKeywordForPlatform(KeywordExecutor.groovy:72)
	at com.kms.katalon.core.webui.keyword.WebUiBuiltInKeywords.setEncryptedText(WebUiBuiltInKeywords.groovy:1007)
	at com.kms.katalon.core.webui.keyword.WebUiBuiltInKeywords$setEncryptedText$2.call(Unknown Source)
	at 1612715 - Test Public Channels_Public_1.run(1612715 - Test Public Channels_Public_1:25)
	at com.kms.katalon.core.main.ScriptEngine.run(ScriptEngine.java:194)
	at com.kms.katalon.core.main.ScriptEngine.runScriptAsRawText(ScriptEngine.java:119)
	at com.kms.katalon.core.main.TestCaseExecutor.runScript(TestCaseExecutor.java:337)
	at com.kms.katalon.core.main.TestCaseExecutor.doExecute(TestCaseExecutor.java:328)
	at com.kms.katalon.core.main.TestCaseExecutor.processExecutionPhase(TestCaseExecutor.java:307)
	at com.kms.katalon.core.main.TestCaseExecutor.accessMainPhase(TestCaseExecutor.java:299)
	at com.kms.katalon.core.main.TestCaseExecutor.execute(TestCaseExecutor.java:233)
	at com.kms.katalon.core.main.TestSuiteExecutor.accessTestCaseMainPhase(TestSuiteExecutor.java:169)
	at com.kms.katalon.core.main.TestSuiteExecutor.accessTestSuiteMainPhase(TestSuiteExecutor.java:142)
	at com.kms.katalon.core.main.TestSuiteExecutor.execute(TestSuiteExecutor.java:91)
	at com.kms.katalon.core.main.TestCaseMain.startTestSuite(TestCaseMain.java:157)
	at com.kms.katalon.core.main.TestCaseMain$startTestSuite$0.call(Unknown Source)
	at TempTestSuite1590733332872.run(TempTestSuite1590733332872.groovy:37)
Caused by: java.lang.ArrayIndexOutOfBoundsException: 14
	at com.kms.katalon.util.CryptoUtil.decode(CryptoUtil.java:86)
	at com.kms.katalon.core.webui.keyword.builtin.SetEncryptedTextKeyword$_setEncryptedText_closure1.doCall(SetEncryptedTextKeyword.groovy:48)
	at com.kms.katalon.core.webui.keyword.builtin.SetEncryptedTextKeyword$_setEncryptedText_closure1.call(SetEncryptedTextKeyword.groovy)
	at com.kms.katalon.core.webui.keyword.internal.WebUIKeywordMain.runKeyword(WebUIKeywordMain.groovy:20)
	... 19 more
"/>
         <system-out><![CDATA[2020-05-29 13:25:04 - [TEST_CASE][FAILED] - Test Cases/1612175 - Public Channels/1612715 - Test Public Channels_Public_1: Test Cases/1612175 - Public Channels/1612715 - Test Public Channels_Public_1 FAILED.
Reason:
com.kms.katalon.core.exception.StepFailedException: Unable to set encrypted text for object 'Object Repository/Page_Mattermost/input_All team communication in one place s_2f2733'
	at com.kms.katalon.core.webui.keyword.internal.WebUIKeywordMain.stepFailed(WebUIKeywordMain.groovy:64)
	at com.kms.katalon.core.webui.keyword.internal.WebUIKeywordMain.runKeyword(WebUIKeywordMain.groovy:26)
	at com.kms.katalon.core.webui.keyword.builtin.SetEncryptedTextKeyword.setEncryptedText(SetEncryptedTextKeyword.groovy:65)
	at com.kms.katalon.core.webui.keyword.builtin.SetEncryptedTextKeyword.execute(SetEncryptedTextKeyword.groovy:34)
	at com.kms.katalon.core.keyword.internal.KeywordExecutor.executeKeywordForPlatform(KeywordExecutor.groovy:72)
	at com.kms.katalon.core.webui.keyword.WebUiBuiltInKeywords.setEncryptedText(WebUiBuiltInKeywords.groovy:1007)
	at com.kms.katalon.core.webui.keyword.WebUiBuiltInKeywords$setEncryptedText$2.call(Unknown Source)
	at 1612715 - Test Public Channels_Public_1.run(1612715 - Test Public Channels_Public_1:25)
	at com.kms.katalon.core.main.ScriptEngine.run(ScriptEngine.java:194)
	at com.kms.katalon.core.main.ScriptEngine.runScriptAsRawText(ScriptEngine.java:119)
	at com.kms.katalon.core.main.TestCaseExecutor.runScript(TestCaseExecutor.java:337)
	at com.kms.katalon.core.main.TestCaseExecutor.doExecute(TestCaseExecutor.java:328)
	at com.kms.katalon.core.main.TestCaseExecutor.processExecutionPhase(TestCaseExecutor.java:307)
	at com.kms.katalon.core.main.TestCaseExecutor.accessMainPhase(TestCaseExecutor.java:299)
	at com.kms.katalon.core.main.TestCaseExecutor.execute(TestCaseExecutor.java:233)
	at com.kms.katalon.core.main.TestSuiteExecutor.accessTestCaseMainPhase(TestSuiteExecutor.java:169)
	at com.kms.katalon.core.main.TestSuiteExecutor.accessTestSuiteMainPhase(TestSuiteExecutor.java:142)
	at com.kms.katalon.core.main.TestSuiteExecutor.execute(TestSuiteExecutor.java:91)
	at com.kms.katalon.core.main.TestCaseMain.startTestSuite(TestCaseMain.java:157)
	at com.kms.katalon.core.main.TestCaseMain$startTestSuite$0.call(Unknown Source)
	at TempTestSuite1590733332872.run(TempTestSuite1590733332872.groovy:37)
Caused by: java.lang.ArrayIndexOutOfBoundsException: 14
	at com.kms.katalon.util.CryptoUtil.decode(CryptoUtil.java:86)
	at com.kms.katalon.core.webui.keyword.builtin.SetEncryptedTextKeyword$_setEncryptedText_closure1.doCall(SetEncryptedTextKeyword.groovy:48)
	at com.kms.katalon.core.webui.keyword.builtin.SetEncryptedTextKeyword$_setEncryptedText_closure1.call(SetEncryptedTextKeyword.groovy)
	at com.kms.katalon.core.webui.keyword.internal.WebUIKeywordMain.runKeyword(WebUIKeywordMain.groovy:20)
	... 19 more


2020-05-29 13:25:04 - [TEST_STEP][PASSED] - openBrowser(""): Browser is opened with url: ''

2020-05-29 13:25:04 - [MESSAGE][WARNING] - A browser is already opened. Closing browser and opening a new one

2020-05-29 13:25:06 - [MESSAGE][INFO] - Starting 'Firefox' driver

2020-05-29 13:25:06 - [MESSAGE][INFO] - Action delay is set to 0 milliseconds

2020-05-29 13:25:11 - [MESSAGE][PASSED] - Browser is opened with url: ''

2020-05-29 13:25:11 - [TEST_STEP][PASSED] - navigateToUrl("https://mattermost-master.herokuapp.com/teamchudenc/channels/town-square"): Navigate to 'https://mattermost-master.herokuapp.com/teamchudenc/channels/town-square' successfully

2020-05-29 13:25:16 - [MESSAGE][PASSED] - Navigate to 'https://mattermost-master.herokuapp.com/teamchudenc/channels/town-square' successfully

2020-05-29 13:25:16 - [TEST_STEP][PASSED] - setText(findTestObject("Page_Mattermost/input_All team communication in one place s_703ef5"), username): Text '1612759@student.hcmus.edu.vn' is set on object 'Object Repository/Page_Mattermost/input_All team communication in one place s_703ef5'

2020-05-29 13:25:24 - [MESSAGE][PASSED] - Text '1612759@student.hcmus.edu.vn' is set on object 'Object Repository/Page_Mattermost/input_All team communication in one place s_703ef5'

2020-05-29 13:25:24 - [TEST_STEP][FAILED] - setEncryptedText(findTestObject("Page_Mattermost/input_All team communication in one place s_2f2733"), password): Unable to set encrypted text for object 'Object Repository/Page_Mattermost/input_All team communication in one place s_2f2733' (Root cause: com.kms.katalon.core.exception.StepFailedException: Unable to set encrypted text for object 'Object Repository/Page_Mattermost/input_All team communication in one place s_2f2733'
	at com.kms.katalon.core.webui.keyword.internal.WebUIKeywordMain.stepFailed(WebUIKeywordMain.groovy:64)
	at com.kms.katalon.core.webui.keyword.internal.WebUIKeywordMain.runKeyword(WebUIKeywordMain.groovy:26)
	at com.kms.katalon.core.webui.keyword.builtin.SetEncryptedTextKeyword.setEncryptedText(SetEncryptedTextKeyword.groovy:65)
	at com.kms.katalon.core.webui.keyword.builtin.SetEncryptedTextKeyword.execute(SetEncryptedTextKeyword.groovy:34)
	at com.kms.katalon.core.keyword.internal.KeywordExecutor.executeKeywordForPlatform(KeywordExecutor.groovy:72)
	at com.kms.katalon.core.webui.keyword.WebUiBuiltInKeywords.setEncryptedText(WebUiBuiltInKeywords.groovy:1007)
	at com.kms.katalon.core.webui.keyword.WebUiBuiltInKeywords$setEncryptedText$2.call(Unknown Source)
	at 1612715 - Test Public Channels_Public_1.run(1612715 - Test Public Channels_Public_1:25)
	at com.kms.katalon.core.main.ScriptEngine.run(ScriptEngine.java:194)
	at com.kms.katalon.core.main.ScriptEngine.runScriptAsRawText(ScriptEngine.java:119)
	at com.kms.katalon.core.main.TestCaseExecutor.runScript(TestCaseExecutor.java:337)
	at com.kms.katalon.core.main.TestCaseExecutor.doExecute(TestCaseExecutor.java:328)
	at com.kms.katalon.core.main.TestCaseExecutor.processExecutionPhase(TestCaseExecutor.java:307)
	at com.kms.katalon.core.main.TestCaseExecutor.accessMainPhase(TestCaseExecutor.java:299)
	at com.kms.katalon.core.main.TestCaseExecutor.execute(TestCaseExecutor.java:233)
	at com.kms.katalon.core.main.TestSuiteExecutor.accessTestCaseMainPhase(TestSuiteExecutor.java:169)
	at com.kms.katalon.core.main.TestSuiteExecutor.accessTestSuiteMainPhase(TestSuiteExecutor.java:142)
	at com.kms.katalon.core.main.TestSuiteExecutor.execute(TestSuiteExecutor.java:91)
	at com.kms.katalon.core.main.TestCaseMain.startTestSuite(TestCaseMain.java:157)
	at com.kms.katalon.core.main.TestCaseMain$startTestSuite$0.call(Unknown Source)
	at TempTestSuite1590733332872.run(TempTestSuite1590733332872.groovy:37)
Caused by: java.lang.ArrayIndexOutOfBoundsException: 14
	at com.kms.katalon.util.CryptoUtil.decode(CryptoUtil.java:86)
	at com.kms.katalon.core.webui.keyword.builtin.SetEncryptedTextKeyword$_setEncryptedText_closure1.doCall(SetEncryptedTextKeyword.groovy:48)
	at com.kms.katalon.core.webui.keyword.builtin.SetEncryptedTextKeyword$_setEncryptedText_closure1.call(SetEncryptedTextKeyword.groovy)
	at com.kms.katalon.core.webui.keyword.internal.WebUIKeywordMain.runKeyword(WebUIKeywordMain.groovy:20)
	at com.kms.katalon.core.webui.keyword.builtin.SetEncryptedTextKeyword.setEncryptedText(SetEncryptedTextKeyword.groovy:65)
	at com.kms.katalon.core.webui.keyword.builtin.SetEncryptedTextKeyword.execute(SetEncryptedTextKeyword.groovy:34)
	at com.kms.katalon.core.keyword.internal.KeywordExecutor.executeKeywordForPlatform(KeywordExecutor.groovy:72)
	at com.kms.katalon.core.webui.keyword.WebUiBuiltInKeywords.setEncryptedText(WebUiBuiltInKeywords.groovy:1007)
	at com.kms.katalon.core.webui.keyword.WebUiBuiltInKeywords$setEncryptedText$2.call(Unknown Source)
	at Script1590721413304.run(Script1590721413304.groovy:25)
	... 13 more
)

2020-05-29 13:25:24 - [MESSAGE][FAILED] - Unable to set encrypted text for object 'Object Repository/Page_Mattermost/input_All team communication in one place s_2f2733' (Root cause: com.kms.katalon.core.exception.StepFailedException: Unable to set encrypted text for object 'Object Repository/Page_Mattermost/input_All team communication in one place s_2f2733'
	at com.kms.katalon.core.webui.keyword.internal.WebUIKeywordMain.stepFailed(WebUIKeywordMain.groovy:64)
	at com.kms.katalon.core.webui.keyword.internal.WebUIKeywordMain.runKeyword(WebUIKeywordMain.groovy:26)
	at com.kms.katalon.core.webui.keyword.builtin.SetEncryptedTextKeyword.setEncryptedText(SetEncryptedTextKeyword.groovy:65)
	at com.kms.katalon.core.webui.keyword.builtin.SetEncryptedTextKeyword.execute(SetEncryptedTextKeyword.groovy:34)
	at com.kms.katalon.core.keyword.internal.KeywordExecutor.executeKeywordForPlatform(KeywordExecutor.groovy:72)
	at com.kms.katalon.core.webui.keyword.WebUiBuiltInKeywords.setEncryptedText(WebUiBuiltInKeywords.groovy:1007)
	at com.kms.katalon.core.webui.keyword.WebUiBuiltInKeywords$setEncryptedText$2.call(Unknown Source)
	at 1612715 - Test Public Channels_Public_1.run(1612715 - Test Public Channels_Public_1:25)
	at com.kms.katalon.core.main.ScriptEngine.run(ScriptEngine.java:194)
	at com.kms.katalon.core.main.ScriptEngine.runScriptAsRawText(ScriptEngine.java:119)
	at com.kms.katalon.core.main.TestCaseExecutor.runScript(TestCaseExecutor.java:337)
	at com.kms.katalon.core.main.TestCaseExecutor.doExecute(TestCaseExecutor.java:328)
	at com.kms.katalon.core.main.TestCaseExecutor.processExecutionPhase(TestCaseExecutor.java:307)
	at com.kms.katalon.core.main.TestCaseExecutor.accessMainPhase(TestCaseExecutor.java:299)
	at com.kms.katalon.core.main.TestCaseExecutor.execute(TestCaseExecutor.java:233)
	at com.kms.katalon.core.main.TestSuiteExecutor.accessTestCaseMainPhase(TestSuiteExecutor.java:169)
	at com.kms.katalon.core.main.TestSuiteExecutor.accessTestSuiteMainPhase(TestSuiteExecutor.java:142)
	at com.kms.katalon.core.main.TestSuiteExecutor.execute(TestSuiteExecutor.java:91)
	at com.kms.katalon.core.main.TestCaseMain.startTestSuite(TestCaseMain.java:157)
	at com.kms.katalon.core.main.TestCaseMain$startTestSuite$0.call(Unknown Source)
	at TempTestSuite1590733332872.run(TempTestSuite1590733332872.groovy:37)
Caused by: java.lang.ArrayIndexOutOfBoundsException: 14
	at com.kms.katalon.util.CryptoUtil.decode(CryptoUtil.java:86)
	at com.kms.katalon.core.webui.keyword.builtin.SetEncryptedTextKeyword$_setEncryptedText_closure1.doCall(SetEncryptedTextKeyword.groovy:48)
	at com.kms.katalon.core.webui.keyword.builtin.SetEncryptedTextKeyword$_setEncryptedText_closure1.call(SetEncryptedTextKeyword.groovy)
	at com.kms.katalon.core.webui.keyword.internal.WebUIKeywordMain.runKeyword(WebUIKeywordMain.groovy:20)
	at com.kms.katalon.core.webui.keyword.builtin.SetEncryptedTextKeyword.setEncryptedText(SetEncryptedTextKeyword.groovy:65)
	at com.kms.katalon.core.webui.keyword.builtin.SetEncryptedTextKeyword.execute(SetEncryptedTextKeyword.groovy:34)
	at com.kms.katalon.core.keyword.internal.KeywordExecutor.executeKeywordForPlatform(KeywordExecutor.groovy:72)
	at com.kms.katalon.core.webui.keyword.WebUiBuiltInKeywords.setEncryptedText(WebUiBuiltInKeywords.groovy:1007)
	at com.kms.katalon.core.webui.keyword.WebUiBuiltInKeywords$setEncryptedText$2.call(Unknown Source)
	at Script1590721413304.run(Script1590721413304.groovy:25)
	... 13 more
)
[[ATTACHMENT|C:\\Users\\tnguyen583\\Desktop\\HCMUS\\CDNC\\HW2\\Hw2_TestMattermost_8\\Reports\\20200529_132203\\1612715 - Run all test cases\\20200529_132203\\1590733524341.png]]]]></system-out>
         <system-err><![CDATA[2020-05-29 13:25:04 - [TEST_CASE][FAILED] - Test Cases/1612175 - Public Channels/1612715 - Test Public Channels_Public_1: Test Cases/1612175 - Public Channels/1612715 - Test Public Channels_Public_1 FAILED.
Reason:
com.kms.katalon.core.exception.StepFailedException: Unable to set encrypted text for object 'Object Repository/Page_Mattermost/input_All team communication in one place s_2f2733'
	at com.kms.katalon.core.webui.keyword.internal.WebUIKeywordMain.stepFailed(WebUIKeywordMain.groovy:64)
	at com.kms.katalon.core.webui.keyword.internal.WebUIKeywordMain.runKeyword(WebUIKeywordMain.groovy:26)
	at com.kms.katalon.core.webui.keyword.builtin.SetEncryptedTextKeyword.setEncryptedText(SetEncryptedTextKeyword.groovy:65)
	at com.kms.katalon.core.webui.keyword.builtin.SetEncryptedTextKeyword.execute(SetEncryptedTextKeyword.groovy:34)
	at com.kms.katalon.core.keyword.internal.KeywordExecutor.executeKeywordForPlatform(KeywordExecutor.groovy:72)
	at com.kms.katalon.core.webui.keyword.WebUiBuiltInKeywords.setEncryptedText(WebUiBuiltInKeywords.groovy:1007)
	at com.kms.katalon.core.webui.keyword.WebUiBuiltInKeywords$setEncryptedText$2.call(Unknown Source)
	at 1612715 - Test Public Channels_Public_1.run(1612715 - Test Public Channels_Public_1:25)
	at com.kms.katalon.core.main.ScriptEngine.run(ScriptEngine.java:194)
	at com.kms.katalon.core.main.ScriptEngine.runScriptAsRawText(ScriptEngine.java:119)
	at com.kms.katalon.core.main.TestCaseExecutor.runScript(TestCaseExecutor.java:337)
	at com.kms.katalon.core.main.TestCaseExecutor.doExecute(TestCaseExecutor.java:328)
	at com.kms.katalon.core.main.TestCaseExecutor.processExecutionPhase(TestCaseExecutor.java:307)
	at com.kms.katalon.core.main.TestCaseExecutor.accessMainPhase(TestCaseExecutor.java:299)
	at com.kms.katalon.core.main.TestCaseExecutor.execute(TestCaseExecutor.java:233)
	at com.kms.katalon.core.main.TestSuiteExecutor.accessTestCaseMainPhase(TestSuiteExecutor.java:169)
	at com.kms.katalon.core.main.TestSuiteExecutor.accessTestSuiteMainPhase(TestSuiteExecutor.java:142)
	at com.kms.katalon.core.main.TestSuiteExecutor.execute(TestSuiteExecutor.java:91)
	at com.kms.katalon.core.main.TestCaseMain.startTestSuite(TestCaseMain.java:157)
	at com.kms.katalon.core.main.TestCaseMain$startTestSuite$0.call(Unknown Source)
	at TempTestSuite1590733332872.run(TempTestSuite1590733332872.groovy:37)
Caused by: java.lang.ArrayIndexOutOfBoundsException: 14
	at com.kms.katalon.util.CryptoUtil.decode(CryptoUtil.java:86)
	at com.kms.katalon.core.webui.keyword.builtin.SetEncryptedTextKeyword$_setEncryptedText_closure1.doCall(SetEncryptedTextKeyword.groovy:48)
	at com.kms.katalon.core.webui.keyword.builtin.SetEncryptedTextKeyword$_setEncryptedText_closure1.call(SetEncryptedTextKeyword.groovy)
	at com.kms.katalon.core.webui.keyword.internal.WebUIKeywordMain.runKeyword(WebUIKeywordMain.groovy:20)
	... 19 more]]></system-err>
      </testcase>
      <testcase name="Test Cases/1612175 - Public Channels/1612715 - Test Public Channels_Public_1" time="25.299" classname="Test Cases/1612175 - Public Channels/1612715 - Test Public Channels_Public_1" status="PASSED">
         <system-out><![CDATA[2020-05-29 13:25:24 - [TEST_CASE][PASSED] - Test Cases/1612175 - Public Channels/1612715 - Test Public Channels_Public_1: Test Cases/1612175 - Public Channels/1612715 - Test Public Channels_Public_1

2020-05-29 13:25:24 - [TEST_STEP][PASSED] - openBrowser(""): Browser is opened with url: ''

2020-05-29 13:25:24 - [MESSAGE][WARNING] - A browser is already opened. Closing browser and opening a new one

2020-05-29 13:25:26 - [MESSAGE][INFO] - Starting 'Firefox' driver

2020-05-29 13:25:26 - [MESSAGE][INFO] - Action delay is set to 0 milliseconds

2020-05-29 13:25:31 - [MESSAGE][PASSED] - Browser is opened with url: ''

2020-05-29 13:25:31 - [TEST_STEP][PASSED] - navigateToUrl("https://mattermost-master.herokuapp.com/teamchudenc/channels/town-square"): Navigate to 'https://mattermost-master.herokuapp.com/teamchudenc/channels/town-square' successfully

2020-05-29 13:25:35 - [MESSAGE][PASSED] - Navigate to 'https://mattermost-master.herokuapp.com/teamchudenc/channels/town-square' successfully

2020-05-29 13:25:35 - [TEST_STEP][PASSED] - setText(findTestObject("Page_Mattermost/input_All team communication in one place s_703ef5"), username): Text '1612759@student.hcmus.edu.vn' is set on object 'Object Repository/Page_Mattermost/input_All team communication in one place s_703ef5'

2020-05-29 13:25:42 - [MESSAGE][PASSED] - Text '1612759@student.hcmus.edu.vn' is set on object 'Object Repository/Page_Mattermost/input_All team communication in one place s_703ef5'

2020-05-29 13:25:42 - [TEST_STEP][PASSED] - setEncryptedText(findTestObject("Page_Mattermost/input_All team communication in one place s_2f2733"), password): Text ****** has been set on object 'Object Repository/Page_Mattermost/input_All team communication in one place s_2f2733'

2020-05-29 13:25:43 - [MESSAGE][PASSED] - Text ****** has been set on object 'Object Repository/Page_Mattermost/input_All team communication in one place s_2f2733'

2020-05-29 13:25:43 - [TEST_STEP][PASSED] - click(findTestObject("Page_Mattermost/span_Sign in")): Object: 'Object Repository/Page_Mattermost/span_Sign in' is clicked on

2020-05-29 13:25:44 - [MESSAGE][PASSED] - Object: 'Object Repository/Page_Mattermost/span_Sign in' is clicked on

2020-05-29 13:25:44 - [TEST_STEP][PASSED] - click(findTestObject("Page_Town Square - TeamChuDeNC Mattermost/span_")): Object: 'Object Repository/Page_Town Square - TeamChuDeNC Mattermost/span_' is clicked on

2020-05-29 13:25:47 - [MESSAGE][PASSED] - Object: 'Object Repository/Page_Town Square - TeamChuDeNC Mattermost/span_' is clicked on

2020-05-29 13:25:47 - [TEST_STEP][PASSED] - setText(findTestObject("Page_Town Square - TeamChuDeNC Mattermost/input_Name_newChannelName"), name): Text 'test 3' is set on object 'Object Repository/Page_Town Square - TeamChuDeNC Mattermost/input_Name_newChannelName'

2020-05-29 13:25:48 - [MESSAGE][PASSED] - Text 'test 3' is set on object 'Object Repository/Page_Town Square - TeamChuDeNC Mattermost/input_Name_newChannelName'

2020-05-29 13:25:48 - [TEST_STEP][PASSED] - setText(findTestObject("Object Repository/Page_Town Square - TeamChuDeNC Mattermost/textarea_tes"), purpose): Text 'test p 3' is set on object 'Object Repository/Page_Town Square - TeamChuDeNC Mattermost/textarea_tes'

2020-05-29 13:25:49 - [MESSAGE][PASSED] - Text 'test p 3' is set on object 'Object Repository/Page_Town Square - TeamChuDeNC Mattermost/textarea_tes'

2020-05-29 13:25:49 - [TEST_STEP][PASSED] - click(findTestObject("Page_Town Square - TeamChuDeNC Mattermost/span_Create Channel")): Object: 'Object Repository/Page_Town Square - TeamChuDeNC Mattermost/span_Create Channel' is clicked on

2020-05-29 13:25:49 - [MESSAGE][PASSED] - Object: 'Object Repository/Page_Town Square - TeamChuDeNC Mattermost/span_Create Channel' is clicked on]]></system-out>
         <system-err><![CDATA[]]></system-err>
      </testcase>
      <testcase name="Test Cases/1612175 - Public Channels/1612715 - Test Public Channels_Public_2" time="31.064" classname="Test Cases/1612175 - Public Channels/1612715 - Test Public Channels_Public_2" status="PASSED">
         <system-out><![CDATA[2020-05-29 13:25:49 - [TEST_CASE][PASSED] - Test Cases/1612175 - Public Channels/1612715 - Test Public Channels_Public_2: Test Cases/1612175 - Public Channels/1612715 - Test Public Channels_Public_2

2020-05-29 13:25:50 - [TEST_STEP][PASSED] - openBrowser(""): Browser is opened with url: ''

2020-05-29 13:25:50 - [MESSAGE][WARNING] - A browser is already opened. Closing browser and opening a new one

2020-05-29 13:25:52 - [MESSAGE][INFO] - Starting 'Firefox' driver

2020-05-29 13:25:52 - [MESSAGE][INFO] - Action delay is set to 0 milliseconds

2020-05-29 13:25:57 - [MESSAGE][PASSED] - Browser is opened with url: ''

2020-05-29 13:25:57 - [TEST_STEP][PASSED] - navigateToUrl("https://mattermost-master.herokuapp.com/teamchudenc/channels/town-square"): Navigate to 'https://mattermost-master.herokuapp.com/teamchudenc/channels/town-square' successfully

2020-05-29 13:26:04 - [MESSAGE][PASSED] - Navigate to 'https://mattermost-master.herokuapp.com/teamchudenc/channels/town-square' successfully

2020-05-29 13:26:04 - [TEST_STEP][PASSED] - setText(findTestObject("Page_Mattermost/input_All team communication in one place s_703ef5"), username): Text '1612759@student.hcmus.edu.vn' is set on object 'Object Repository/Page_Mattermost/input_All team communication in one place s_703ef5'

2020-05-29 13:26:12 - [MESSAGE][PASSED] - Text '1612759@student.hcmus.edu.vn' is set on object 'Object Repository/Page_Mattermost/input_All team communication in one place s_703ef5'

2020-05-29 13:26:12 - [TEST_STEP][PASSED] - setEncryptedText(findTestObject("Page_Mattermost/input_All team communication in one place s_2f2733"), password): Text ****** has been set on object 'Object Repository/Page_Mattermost/input_All team communication in one place s_2f2733'

2020-05-29 13:26:13 - [MESSAGE][PASSED] - Text ****** has been set on object 'Object Repository/Page_Mattermost/input_All team communication in one place s_2f2733'

2020-05-29 13:26:13 - [TEST_STEP][PASSED] - click(findTestObject("Page_Mattermost/span_Sign in")): Object: 'Object Repository/Page_Mattermost/span_Sign in' is clicked on

2020-05-29 13:26:13 - [MESSAGE][PASSED] - Object: 'Object Repository/Page_Mattermost/span_Sign in' is clicked on

2020-05-29 13:26:13 - [TEST_STEP][PASSED] - click(findTestObject("Page_Town Square - TeamChuDeNC Mattermost/span_")): Object: 'Object Repository/Page_Town Square - TeamChuDeNC Mattermost/span_' is clicked on

2020-05-29 13:26:18 - [MESSAGE][PASSED] - Object: 'Object Repository/Page_Town Square - TeamChuDeNC Mattermost/span_' is clicked on

2020-05-29 13:26:18 - [TEST_STEP][PASSED] - setText(findTestObject("Page_Town Square - TeamChuDeNC Mattermost/input_Name_newChannelName"), name): Text 'test1' is set on object 'Object Repository/Page_Town Square - TeamChuDeNC Mattermost/input_Name_newChannelName'

2020-05-29 13:26:18 - [MESSAGE][PASSED] - Text 'test1' is set on object 'Object Repository/Page_Town Square - TeamChuDeNC Mattermost/input_Name_newChannelName'

2020-05-29 13:26:18 - [TEST_STEP][PASSED] - setText(findTestObject("Page_Town Square - TeamChuDeNC Mattermost/textarea_tes"), purpose): Text 'test p 1' is set on object 'Object Repository/Page_Town Square - TeamChuDeNC Mattermost/textarea_tes'

2020-05-29 13:26:19 - [MESSAGE][PASSED] - Text 'test p 1' is set on object 'Object Repository/Page_Town Square - TeamChuDeNC Mattermost/textarea_tes'

2020-05-29 13:26:19 - [TEST_STEP][PASSED] - setText(findTestObject("Object Repository/Page_Town Square - TeamChuDeNC Mattermost/textarea_tes_1"), header): Text 'test h 1' is set on object 'Object Repository/Page_Town Square - TeamChuDeNC Mattermost/textarea_tes_1'

2020-05-29 13:26:20 - [MESSAGE][PASSED] - Text 'test h 1' is set on object 'Object Repository/Page_Town Square - TeamChuDeNC Mattermost/textarea_tes_1'

2020-05-29 13:26:20 - [TEST_STEP][PASSED] - click(findTestObject("Page_Town Square - TeamChuDeNC Mattermost/span_Create Channel")): Object: 'Object Repository/Page_Town Square - TeamChuDeNC Mattermost/span_Create Channel' is clicked on

2020-05-29 13:26:20 - [MESSAGE][PASSED] - Object: 'Object Repository/Page_Town Square - TeamChuDeNC Mattermost/span_Create Channel' is clicked on]]></system-out>
         <system-err><![CDATA[]]></system-err>
      </testcase>
      <testcase name="Test Cases/1612175 - Public Channels/1612715 - Test Public Channels_Public_2" time="26.941" classname="Test Cases/1612175 - Public Channels/1612715 - Test Public Channels_Public_2" status="PASSED">
         <system-out><![CDATA[2020-05-29 13:26:21 - [TEST_CASE][PASSED] - Test Cases/1612175 - Public Channels/1612715 - Test Public Channels_Public_2: Test Cases/1612175 - Public Channels/1612715 - Test Public Channels_Public_2

2020-05-29 13:26:21 - [TEST_STEP][PASSED] - openBrowser(""): Browser is opened with url: ''

2020-05-29 13:26:21 - [MESSAGE][WARNING] - A browser is already opened. Closing browser and opening a new one

2020-05-29 13:26:23 - [MESSAGE][INFO] - Starting 'Firefox' driver

2020-05-29 13:26:23 - [MESSAGE][INFO] - Action delay is set to 0 milliseconds

2020-05-29 13:26:28 - [MESSAGE][PASSED] - Browser is opened with url: ''

2020-05-29 13:26:28 - [TEST_STEP][PASSED] - navigateToUrl("https://mattermost-master.herokuapp.com/teamchudenc/channels/town-square"): Navigate to 'https://mattermost-master.herokuapp.com/teamchudenc/channels/town-square' successfully

2020-05-29 13:26:33 - [MESSAGE][PASSED] - Navigate to 'https://mattermost-master.herokuapp.com/teamchudenc/channels/town-square' successfully

2020-05-29 13:26:33 - [TEST_STEP][PASSED] - setText(findTestObject("Page_Mattermost/input_All team communication in one place s_703ef5"), username): Text '1612759@student.hcmus.edu.vn' is set on object 'Object Repository/Page_Mattermost/input_All team communication in one place s_703ef5'

2020-05-29 13:26:40 - [MESSAGE][PASSED] - Text '1612759@student.hcmus.edu.vn' is set on object 'Object Repository/Page_Mattermost/input_All team communication in one place s_703ef5'

2020-05-29 13:26:40 - [TEST_STEP][PASSED] - setEncryptedText(findTestObject("Page_Mattermost/input_All team communication in one place s_2f2733"), password): Text ****** has been set on object 'Object Repository/Page_Mattermost/input_All team communication in one place s_2f2733'

2020-05-29 13:26:41 - [MESSAGE][PASSED] - Text ****** has been set on object 'Object Repository/Page_Mattermost/input_All team communication in one place s_2f2733'

2020-05-29 13:26:41 - [TEST_STEP][PASSED] - click(findTestObject("Page_Mattermost/span_Sign in")): Object: 'Object Repository/Page_Mattermost/span_Sign in' is clicked on

2020-05-29 13:26:42 - [MESSAGE][PASSED] - Object: 'Object Repository/Page_Mattermost/span_Sign in' is clicked on

2020-05-29 13:26:42 - [TEST_STEP][PASSED] - click(findTestObject("Page_Town Square - TeamChuDeNC Mattermost/span_")): Object: 'Object Repository/Page_Town Square - TeamChuDeNC Mattermost/span_' is clicked on

2020-05-29 13:26:44 - [MESSAGE][PASSED] - Object: 'Object Repository/Page_Town Square - TeamChuDeNC Mattermost/span_' is clicked on

2020-05-29 13:26:44 - [TEST_STEP][PASSED] - setText(findTestObject("Page_Town Square - TeamChuDeNC Mattermost/input_Name_newChannelName"), name): Text 'Test2' is set on object 'Object Repository/Page_Town Square - TeamChuDeNC Mattermost/input_Name_newChannelName'

2020-05-29 13:26:45 - [MESSAGE][PASSED] - Text 'Test2' is set on object 'Object Repository/Page_Town Square - TeamChuDeNC Mattermost/input_Name_newChannelName'

2020-05-29 13:26:45 - [TEST_STEP][PASSED] - setText(findTestObject("Page_Town Square - TeamChuDeNC Mattermost/textarea_tes"), purpose): Text 'test p 2' is set on object 'Object Repository/Page_Town Square - TeamChuDeNC Mattermost/textarea_tes'

2020-05-29 13:26:46 - [MESSAGE][PASSED] - Text 'test p 2' is set on object 'Object Repository/Page_Town Square - TeamChuDeNC Mattermost/textarea_tes'

2020-05-29 13:26:46 - [TEST_STEP][PASSED] - setText(findTestObject("Object Repository/Page_Town Square - TeamChuDeNC Mattermost/textarea_tes_1"), header): Text 'test h 2' is set on object 'Object Repository/Page_Town Square - TeamChuDeNC Mattermost/textarea_tes_1'

2020-05-29 13:26:47 - [MESSAGE][PASSED] - Text 'test h 2' is set on object 'Object Repository/Page_Town Square - TeamChuDeNC Mattermost/textarea_tes_1'

2020-05-29 13:26:47 - [TEST_STEP][PASSED] - click(findTestObject("Page_Town Square - TeamChuDeNC Mattermost/span_Create Channel")): Object: 'Object Repository/Page_Town Square - TeamChuDeNC Mattermost/span_Create Channel' is clicked on

2020-05-29 13:26:47 - [MESSAGE][PASSED] - Object: 'Object Repository/Page_Town Square - TeamChuDeNC Mattermost/span_Create Channel' is clicked on]]></system-out>
         <system-err><![CDATA[]]></system-err>
      </testcase>
      <testcase name="Test Cases/1612175 - Public Channels/1612715 - Test Public Channels_Public_2" time="21.114" classname="Test Cases/1612175 - Public Channels/1612715 - Test Public Channels_Public_2" status="FAILED">
         <failure type="FAILED" message="Test Cases/1612175 - Public Channels/1612715 - Test Public Channels_Public_2 FAILED.
Reason:
com.kms.katalon.core.exception.StepFailedException: Unable to set encrypted text for object 'Object Repository/Page_Mattermost/input_All team communication in one place s_2f2733'
	at com.kms.katalon.core.webui.keyword.internal.WebUIKeywordMain.stepFailed(WebUIKeywordMain.groovy:64)
	at com.kms.katalon.core.webui.keyword.internal.WebUIKeywordMain.runKeyword(WebUIKeywordMain.groovy:26)
	at com.kms.katalon.core.webui.keyword.builtin.SetEncryptedTextKeyword.setEncryptedText(SetEncryptedTextKeyword.groovy:65)
	at com.kms.katalon.core.webui.keyword.builtin.SetEncryptedTextKeyword.execute(SetEncryptedTextKeyword.groovy:34)
	at com.kms.katalon.core.keyword.internal.KeywordExecutor.executeKeywordForPlatform(KeywordExecutor.groovy:72)
	at com.kms.katalon.core.webui.keyword.WebUiBuiltInKeywords.setEncryptedText(WebUiBuiltInKeywords.groovy:1007)
	at com.kms.katalon.core.webui.keyword.WebUiBuiltInKeywords$setEncryptedText$2.call(Unknown Source)
	at 1612715 - Test Public Channels_Public_2.run(1612715 - Test Public Channels_Public_2:25)
	at com.kms.katalon.core.main.ScriptEngine.run(ScriptEngine.java:194)
	at com.kms.katalon.core.main.ScriptEngine.runScriptAsRawText(ScriptEngine.java:119)
	at com.kms.katalon.core.main.TestCaseExecutor.runScript(TestCaseExecutor.java:337)
	at com.kms.katalon.core.main.TestCaseExecutor.doExecute(TestCaseExecutor.java:328)
	at com.kms.katalon.core.main.TestCaseExecutor.processExecutionPhase(TestCaseExecutor.java:307)
	at com.kms.katalon.core.main.TestCaseExecutor.accessMainPhase(TestCaseExecutor.java:299)
	at com.kms.katalon.core.main.TestCaseExecutor.execute(TestCaseExecutor.java:233)
	at com.kms.katalon.core.main.TestSuiteExecutor.accessTestCaseMainPhase(TestSuiteExecutor.java:169)
	at com.kms.katalon.core.main.TestSuiteExecutor.accessTestSuiteMainPhase(TestSuiteExecutor.java:142)
	at com.kms.katalon.core.main.TestSuiteExecutor.execute(TestSuiteExecutor.java:91)
	at com.kms.katalon.core.main.TestCaseMain.startTestSuite(TestCaseMain.java:157)
	at com.kms.katalon.core.main.TestCaseMain$startTestSuite$0.call(Unknown Source)
	at TempTestSuite1590733332872.run(TempTestSuite1590733332872.groovy:37)
Caused by: java.lang.ArrayIndexOutOfBoundsException: 14
	at com.kms.katalon.util.CryptoUtil.decode(CryptoUtil.java:86)
	at com.kms.katalon.core.webui.keyword.builtin.SetEncryptedTextKeyword$_setEncryptedText_closure1.doCall(SetEncryptedTextKeyword.groovy:48)
	at com.kms.katalon.core.webui.keyword.builtin.SetEncryptedTextKeyword$_setEncryptedText_closure1.call(SetEncryptedTextKeyword.groovy)
	at com.kms.katalon.core.webui.keyword.internal.WebUIKeywordMain.runKeyword(WebUIKeywordMain.groovy:20)
	... 19 more
"/>
         <system-out><![CDATA[2020-05-29 13:26:48 - [TEST_CASE][FAILED] - Test Cases/1612175 - Public Channels/1612715 - Test Public Channels_Public_2: Test Cases/1612175 - Public Channels/1612715 - Test Public Channels_Public_2 FAILED.
Reason:
com.kms.katalon.core.exception.StepFailedException: Unable to set encrypted text for object 'Object Repository/Page_Mattermost/input_All team communication in one place s_2f2733'
	at com.kms.katalon.core.webui.keyword.internal.WebUIKeywordMain.stepFailed(WebUIKeywordMain.groovy:64)
	at com.kms.katalon.core.webui.keyword.internal.WebUIKeywordMain.runKeyword(WebUIKeywordMain.groovy:26)
	at com.kms.katalon.core.webui.keyword.builtin.SetEncryptedTextKeyword.setEncryptedText(SetEncryptedTextKeyword.groovy:65)
	at com.kms.katalon.core.webui.keyword.builtin.SetEncryptedTextKeyword.execute(SetEncryptedTextKeyword.groovy:34)
	at com.kms.katalon.core.keyword.internal.KeywordExecutor.executeKeywordForPlatform(KeywordExecutor.groovy:72)
	at com.kms.katalon.core.webui.keyword.WebUiBuiltInKeywords.setEncryptedText(WebUiBuiltInKeywords.groovy:1007)
	at com.kms.katalon.core.webui.keyword.WebUiBuiltInKeywords$setEncryptedText$2.call(Unknown Source)
	at 1612715 - Test Public Channels_Public_2.run(1612715 - Test Public Channels_Public_2:25)
	at com.kms.katalon.core.main.ScriptEngine.run(ScriptEngine.java:194)
	at com.kms.katalon.core.main.ScriptEngine.runScriptAsRawText(ScriptEngine.java:119)
	at com.kms.katalon.core.main.TestCaseExecutor.runScript(TestCaseExecutor.java:337)
	at com.kms.katalon.core.main.TestCaseExecutor.doExecute(TestCaseExecutor.java:328)
	at com.kms.katalon.core.main.TestCaseExecutor.processExecutionPhase(TestCaseExecutor.java:307)
	at com.kms.katalon.core.main.TestCaseExecutor.accessMainPhase(TestCaseExecutor.java:299)
	at com.kms.katalon.core.main.TestCaseExecutor.execute(TestCaseExecutor.java:233)
	at com.kms.katalon.core.main.TestSuiteExecutor.accessTestCaseMainPhase(TestSuiteExecutor.java:169)
	at com.kms.katalon.core.main.TestSuiteExecutor.accessTestSuiteMainPhase(TestSuiteExecutor.java:142)
	at com.kms.katalon.core.main.TestSuiteExecutor.execute(TestSuiteExecutor.java:91)
	at com.kms.katalon.core.main.TestCaseMain.startTestSuite(TestCaseMain.java:157)
	at com.kms.katalon.core.main.TestCaseMain$startTestSuite$0.call(Unknown Source)
	at TempTestSuite1590733332872.run(TempTestSuite1590733332872.groovy:37)
Caused by: java.lang.ArrayIndexOutOfBoundsException: 14
	at com.kms.katalon.util.CryptoUtil.decode(CryptoUtil.java:86)
	at com.kms.katalon.core.webui.keyword.builtin.SetEncryptedTextKeyword$_setEncryptedText_closure1.doCall(SetEncryptedTextKeyword.groovy:48)
	at com.kms.katalon.core.webui.keyword.builtin.SetEncryptedTextKeyword$_setEncryptedText_closure1.call(SetEncryptedTextKeyword.groovy)
	at com.kms.katalon.core.webui.keyword.internal.WebUIKeywordMain.runKeyword(WebUIKeywordMain.groovy:20)
	... 19 more


2020-05-29 13:26:48 - [TEST_STEP][PASSED] - openBrowser(""): Browser is opened with url: ''

2020-05-29 13:26:48 - [MESSAGE][WARNING] - A browser is already opened. Closing browser and opening a new one

2020-05-29 13:26:50 - [MESSAGE][INFO] - Starting 'Firefox' driver

2020-05-29 13:26:50 - [MESSAGE][INFO] - Action delay is set to 0 milliseconds

2020-05-29 13:26:55 - [MESSAGE][PASSED] - Browser is opened with url: ''

2020-05-29 13:26:55 - [TEST_STEP][PASSED] - navigateToUrl("https://mattermost-master.herokuapp.com/teamchudenc/channels/town-square"): Navigate to 'https://mattermost-master.herokuapp.com/teamchudenc/channels/town-square' successfully

2020-05-29 13:26:59 - [MESSAGE][PASSED] - Navigate to 'https://mattermost-master.herokuapp.com/teamchudenc/channels/town-square' successfully

2020-05-29 13:26:59 - [TEST_STEP][PASSED] - setText(findTestObject("Page_Mattermost/input_All team communication in one place s_703ef5"), username): Text '1612759@student.hcmus.edu.vn' is set on object 'Object Repository/Page_Mattermost/input_All team communication in one place s_703ef5'

2020-05-29 13:27:08 - [MESSAGE][PASSED] - Text '1612759@student.hcmus.edu.vn' is set on object 'Object Repository/Page_Mattermost/input_All team communication in one place s_703ef5'

2020-05-29 13:27:08 - [TEST_STEP][FAILED] - setEncryptedText(findTestObject("Page_Mattermost/input_All team communication in one place s_2f2733"), password): Unable to set encrypted text for object 'Object Repository/Page_Mattermost/input_All team communication in one place s_2f2733' (Root cause: com.kms.katalon.core.exception.StepFailedException: Unable to set encrypted text for object 'Object Repository/Page_Mattermost/input_All team communication in one place s_2f2733'
	at com.kms.katalon.core.webui.keyword.internal.WebUIKeywordMain.stepFailed(WebUIKeywordMain.groovy:64)
	at com.kms.katalon.core.webui.keyword.internal.WebUIKeywordMain.runKeyword(WebUIKeywordMain.groovy:26)
	at com.kms.katalon.core.webui.keyword.builtin.SetEncryptedTextKeyword.setEncryptedText(SetEncryptedTextKeyword.groovy:65)
	at com.kms.katalon.core.webui.keyword.builtin.SetEncryptedTextKeyword.execute(SetEncryptedTextKeyword.groovy:34)
	at com.kms.katalon.core.keyword.internal.KeywordExecutor.executeKeywordForPlatform(KeywordExecutor.groovy:72)
	at com.kms.katalon.core.webui.keyword.WebUiBuiltInKeywords.setEncryptedText(WebUiBuiltInKeywords.groovy:1007)
	at com.kms.katalon.core.webui.keyword.WebUiBuiltInKeywords$setEncryptedText$2.call(Unknown Source)
	at 1612715 - Test Public Channels_Public_2.run(1612715 - Test Public Channels_Public_2:25)
	at com.kms.katalon.core.main.ScriptEngine.run(ScriptEngine.java:194)
	at com.kms.katalon.core.main.ScriptEngine.runScriptAsRawText(ScriptEngine.java:119)
	at com.kms.katalon.core.main.TestCaseExecutor.runScript(TestCaseExecutor.java:337)
	at com.kms.katalon.core.main.TestCaseExecutor.doExecute(TestCaseExecutor.java:328)
	at com.kms.katalon.core.main.TestCaseExecutor.processExecutionPhase(TestCaseExecutor.java:307)
	at com.kms.katalon.core.main.TestCaseExecutor.accessMainPhase(TestCaseExecutor.java:299)
	at com.kms.katalon.core.main.TestCaseExecutor.execute(TestCaseExecutor.java:233)
	at com.kms.katalon.core.main.TestSuiteExecutor.accessTestCaseMainPhase(TestSuiteExecutor.java:169)
	at com.kms.katalon.core.main.TestSuiteExecutor.accessTestSuiteMainPhase(TestSuiteExecutor.java:142)
	at com.kms.katalon.core.main.TestSuiteExecutor.execute(TestSuiteExecutor.java:91)
	at com.kms.katalon.core.main.TestCaseMain.startTestSuite(TestCaseMain.java:157)
	at com.kms.katalon.core.main.TestCaseMain$startTestSuite$0.call(Unknown Source)
	at TempTestSuite1590733332872.run(TempTestSuite1590733332872.groovy:37)
Caused by: java.lang.ArrayIndexOutOfBoundsException: 14
	at com.kms.katalon.util.CryptoUtil.decode(CryptoUtil.java:86)
	at com.kms.katalon.core.webui.keyword.builtin.SetEncryptedTextKeyword$_setEncryptedText_closure1.doCall(SetEncryptedTextKeyword.groovy:48)
	at com.kms.katalon.core.webui.keyword.builtin.SetEncryptedTextKeyword$_setEncryptedText_closure1.call(SetEncryptedTextKeyword.groovy)
	at com.kms.katalon.core.webui.keyword.internal.WebUIKeywordMain.runKeyword(WebUIKeywordMain.groovy:20)
	at com.kms.katalon.core.webui.keyword.builtin.SetEncryptedTextKeyword.setEncryptedText(SetEncryptedTextKeyword.groovy:65)
	at com.kms.katalon.core.webui.keyword.builtin.SetEncryptedTextKeyword.execute(SetEncryptedTextKeyword.groovy:34)
	at com.kms.katalon.core.keyword.internal.KeywordExecutor.executeKeywordForPlatform(KeywordExecutor.groovy:72)
	at com.kms.katalon.core.webui.keyword.WebUiBuiltInKeywords.setEncryptedText(WebUiBuiltInKeywords.groovy:1007)
	at com.kms.katalon.core.webui.keyword.WebUiBuiltInKeywords$setEncryptedText$2.call(Unknown Source)
	at Script1590721974407.run(Script1590721974407.groovy:25)
	... 13 more
)

2020-05-29 13:27:09 - [MESSAGE][FAILED] - Unable to set encrypted text for object 'Object Repository/Page_Mattermost/input_All team communication in one place s_2f2733' (Root cause: com.kms.katalon.core.exception.StepFailedException: Unable to set encrypted text for object 'Object Repository/Page_Mattermost/input_All team communication in one place s_2f2733'
	at com.kms.katalon.core.webui.keyword.internal.WebUIKeywordMain.stepFailed(WebUIKeywordMain.groovy:64)
	at com.kms.katalon.core.webui.keyword.internal.WebUIKeywordMain.runKeyword(WebUIKeywordMain.groovy:26)
	at com.kms.katalon.core.webui.keyword.builtin.SetEncryptedTextKeyword.setEncryptedText(SetEncryptedTextKeyword.groovy:65)
	at com.kms.katalon.core.webui.keyword.builtin.SetEncryptedTextKeyword.execute(SetEncryptedTextKeyword.groovy:34)
	at com.kms.katalon.core.keyword.internal.KeywordExecutor.executeKeywordForPlatform(KeywordExecutor.groovy:72)
	at com.kms.katalon.core.webui.keyword.WebUiBuiltInKeywords.setEncryptedText(WebUiBuiltInKeywords.groovy:1007)
	at com.kms.katalon.core.webui.keyword.WebUiBuiltInKeywords$setEncryptedText$2.call(Unknown Source)
	at 1612715 - Test Public Channels_Public_2.run(1612715 - Test Public Channels_Public_2:25)
	at com.kms.katalon.core.main.ScriptEngine.run(ScriptEngine.java:194)
	at com.kms.katalon.core.main.ScriptEngine.runScriptAsRawText(ScriptEngine.java:119)
	at com.kms.katalon.core.main.TestCaseExecutor.runScript(TestCaseExecutor.java:337)
	at com.kms.katalon.core.main.TestCaseExecutor.doExecute(TestCaseExecutor.java:328)
	at com.kms.katalon.core.main.TestCaseExecutor.processExecutionPhase(TestCaseExecutor.java:307)
	at com.kms.katalon.core.main.TestCaseExecutor.accessMainPhase(TestCaseExecutor.java:299)
	at com.kms.katalon.core.main.TestCaseExecutor.execute(TestCaseExecutor.java:233)
	at com.kms.katalon.core.main.TestSuiteExecutor.accessTestCaseMainPhase(TestSuiteExecutor.java:169)
	at com.kms.katalon.core.main.TestSuiteExecutor.accessTestSuiteMainPhase(TestSuiteExecutor.java:142)
	at com.kms.katalon.core.main.TestSuiteExecutor.execute(TestSuiteExecutor.java:91)
	at com.kms.katalon.core.main.TestCaseMain.startTestSuite(TestCaseMain.java:157)
	at com.kms.katalon.core.main.TestCaseMain$startTestSuite$0.call(Unknown Source)
	at TempTestSuite1590733332872.run(TempTestSuite1590733332872.groovy:37)
Caused by: java.lang.ArrayIndexOutOfBoundsException: 14
	at com.kms.katalon.util.CryptoUtil.decode(CryptoUtil.java:86)
[...]

2020-05-29 13:53:44 - [MESSAGE][PASSED] - Text '1612759@student.hcmus.edu.vn' is set on object 'Object Repository/Page_Mattermost/input_All team communication in one place s_703ef5'

2020-05-29 13:53:44 - [TEST_STEP][PASSED] - setEncryptedText(findTestObject("Page_Mattermost/input_All team communication in one place s_2f2733"), password): Text ****** has been set on object 'Object Repository/Page_Mattermost/input_All team communication in one place s_2f2733'

2020-05-29 13:53:45 - [MESSAGE][PASSED] - Text ****** has been set on object 'Object Repository/Page_Mattermost/input_All team communication in one place s_2f2733'

2020-05-29 13:53:45 - [TEST_STEP][PASSED] - click(findTestObject("Page_Mattermost/span_Sign in")): Object: 'Object Repository/Page_Mattermost/span_Sign in' is clicked on

2020-05-29 13:53:46 - [MESSAGE][PASSED] - Object: 'Object Repository/Page_Mattermost/span_Sign in' is clicked on

2020-05-29 13:53:46 - [TEST_STEP][PASSED] - click(findTestObject("Object Repository/Page_Mattermost - Join a team/span_")): Object: 'Object Repository/Page_Mattermost - Join a team/span_' is clicked on

2020-05-29 13:53:49 - [MESSAGE][PASSED] - Object: 'Object Repository/Page_Mattermost - Join a team/span_' is clicked on

2020-05-29 13:53:49 - [TEST_STEP][PASSED] - setText(findTestObject("Page_Town Square - TeamChuDeNC Mattermost/input_Name_newChannelName"), name): Text 'test 3' is set on object 'Object Repository/Page_Town Square - TeamChuDeNC Mattermost/input_Name_newChannelName'

2020-05-29 13:53:49 - [MESSAGE][PASSED] - Text 'test 3' is set on object 'Object Repository/Page_Town Square - TeamChuDeNC Mattermost/input_Name_newChannelName'

2020-05-29 13:53:49 - [TEST_STEP][PASSED] - click(findTestObject("Page_Town Square - TeamChuDeNC Mattermost/span_Edit")): Object: 'Object Repository/Page_Town Square - TeamChuDeNC Mattermost/span_Edit' is clicked on

2020-05-29 13:53:50 - [MESSAGE][PASSED] - Object: 'Object Repository/Page_Town Square - TeamChuDeNC Mattermost/span_Edit' is clicked on

2020-05-29 13:53:50 - [TEST_STEP][FAILED] - setText(findTestObject("Page_Town Square - TeamChuDeNC Mattermost/input_httpsmadencchannels_form-control"), url): Unable to set text 'testurl4' of object 'Object Repository/Page_Town Square - TeamChuDeNC Mattermost/input_httpsmadencchannels_form-control' (Root cause: com.kms.katalon.core.exception.StepFailedException: Unable to set text 'testurl4' of object 'Object Repository/Page_Town Square - TeamChuDeNC Mattermost/input_httpsmadencchannels_form-control'
	at com.kms.katalon.core.webui.keyword.internal.WebUIKeywordMain.stepFailed(WebUIKeywordMain.groovy:64)
	at com.kms.katalon.core.webui.keyword.internal.WebUIKeywordMain.runKeyword(WebUIKeywordMain.groovy:26)
	at com.kms.katalon.core.webui.keyword.builtin.SetTextKeyword.setText(SetTextKeyword.groovy:66)
	at com.kms.katalon.core.webui.keyword.builtin.SetTextKeyword.execute(SetTextKeyword.groovy:37)
	at com.kms.katalon.core.keyword.internal.KeywordExecutor.executeKeywordForPlatform(KeywordExecutor.groovy:72)
	at com.kms.katalon.core.webui.keyword.WebUiBuiltInKeywords.setText(WebUiBuiltInKeywords.groovy:976)
	at com.kms.katalon.core.webui.keyword.WebUiBuiltInKeywords$setText$1.call(Unknown Source)
	at 1612715 - Test Public Channels_Private_edit.run(1612715 - Test Public Channels_Private_edit:35)
	at com.kms.katalon.core.main.ScriptEngine.run(ScriptEngine.java:194)
	at com.kms.katalon.core.main.ScriptEngine.runScriptAsRawText(ScriptEngine.java:119)
	at com.kms.katalon.core.main.TestCaseExecutor.runScript(TestCaseExecutor.java:337)
	at com.kms.katalon.core.main.TestCaseExecutor.doExecute(TestCaseExecutor.java:328)
	at com.kms.katalon.core.main.TestCaseExecutor.processExecutionPhase(TestCaseExecutor.java:307)
	at com.kms.katalon.core.main.TestCaseExecutor.accessMainPhase(TestCaseExecutor.java:299)
	at com.kms.katalon.core.main.TestCaseExecutor.execute(TestCaseExecutor.java:233)
	at com.kms.katalon.core.main.TestSuiteExecutor.accessTestCaseMainPhase(TestSuiteExecutor.java:169)
	at com.kms.katalon.core.main.TestSuiteExecutor.accessTestSuiteMainPhase(TestSuiteExecutor.java:142)
	at com.kms.katalon.core.main.TestSuiteExecutor.execute(TestSuiteExecutor.java:91)
	at com.kms.katalon.core.main.TestCaseMain.startTestSuite(TestCaseMain.java:157)
	at com.kms.katalon.core.main.TestCaseMain$startTestSuite$0.call(Unknown Source)
	at TempTestSuite1590733332872.run(TempTestSuite1590733332872.groovy:37)
Caused by: com.kms.katalon.core.webui.exception.WebElementNotFoundException: Web element with id: 'Object Repository/Page_Town Square - TeamChuDeNC Mattermost/input_httpsmadencchannels_form-control' located by 'By.xpath: //input[@value='ted']' not found
	at com.kms.katalon.core.webui.common.WebUiCommonHelper.findWebElement(WebUiCommonHelper.java:1154)
	at com.kms.katalon.core.webui.keyword.internal.WebUIAbstractKeyword.findWebElement(WebUIAbstractKeyword.groovy:27)
	at com.kms.katalon.core.webui.keyword.internal.WebUIAbstractKeyword.findWebElement(WebUIAbstractKeyword.groovy:26)
	at com.kms.katalon.core.webui.keyword.builtin.SetTextKeyword$_setText_closure1.doCall(SetTextKeyword.groovy:51)
	at com.kms.katalon.core.webui.keyword.builtin.SetTextKeyword$_setText_closure1.call(SetTextKeyword.groovy)
	at com.kms.katalon.core.webui.keyword.internal.WebUIKeywordMain.runKeyword(WebUIKeywordMain.groovy:20)
	at com.kms.katalon.core.webui.keyword.builtin.SetTextKeyword.setText(SetTextKeyword.groovy:66)
	at com.kms.katalon.core.webui.keyword.builtin.SetTextKeyword.execute(SetTextKeyword.groovy:37)
	at com.kms.katalon.core.keyword.internal.KeywordExecutor.executeKeywordForPlatform(KeywordExecutor.groovy:72)
	at com.kms.katalon.core.webui.keyword.WebUiBuiltInKeywords.setText(WebUiBuiltInKeywords.groovy:976)
	at com.kms.katalon.core.webui.keyword.WebUiBuiltInKeywords$setText$1.call(Unknown Source)
	at Script1590733133403.run(Script1590733133403.groovy:35)
	... 13 more
)

2020-05-29 13:54:34 - [MESSAGE][INFO] - Unable to find the element located by 'By.xpath: //input[@value='ted']'. Please recheck the objects properties to make sure the desired element is located. 

2020-05-29 13:54:34 - [MESSAGE][FAILED] - Unable to set text 'testurl4' of object 'Object Repository/Page_Town Square - TeamChuDeNC Mattermost/input_httpsmadencchannels_form-control' (Root cause: com.kms.katalon.core.exception.StepFailedException: Unable to set text 'testurl4' of object 'Object Repository/Page_Town Square - TeamChuDeNC Mattermost/input_httpsmadencchannels_form-control'
	at com.kms.katalon.core.webui.keyword.internal.WebUIKeywordMain.stepFailed(WebUIKeywordMain.groovy:64)
	at com.kms.katalon.core.webui.keyword.internal.WebUIKeywordMain.runKeyword(WebUIKeywordMain.groovy:26)
	at com.kms.katalon.core.webui.keyword.builtin.SetTextKeyword.setText(SetTextKeyword.groovy:66)
	at com.kms.katalon.core.webui.keyword.builtin.SetTextKeyword.execute(SetTextKeyword.groovy:37)
	at com.kms.katalon.core.keyword.internal.KeywordExecutor.executeKeywordForPlatform(KeywordExecutor.groovy:72)
	at com.kms.katalon.core.webui.keyword.WebUiBuiltInKeywords.setText(WebUiBuiltInKeywords.groovy:976)
	at com.kms.katalon.core.webui.keyword.WebUiBuiltInKeywords$setText$1.call(Unknown Source)
	at 1612715 - Test Public Channels_Private_edit.run(1612715 - Test Public Channels_Private_edit:35)
	at com.kms.katalon.core.main.ScriptEngine.run(ScriptEngine.java:194)
	at com.kms.katalon.core.main.ScriptEngine.runScriptAsRawText(ScriptEngine.java:119)
	at com.kms.katalon.core.main.TestCaseExecutor.runScript(TestCaseExecutor.java:337)
	at com.kms.katalon.core.main.TestCaseExecutor.doExecute(TestCaseExecutor.java:328)
	at com.kms.katalon.core.main.TestCaseExecutor.processExecutionPhase(TestCaseExecutor.java:307)
	at com.kms.katalon.core.main.TestCaseExecutor.accessMainPhase(TestCaseExecutor.java:299)
	at com.kms.katalon.core.main.TestCaseExecutor.execute(TestCaseExecutor.java:233)
	at com.kms.katalon.core.main.TestSuiteExecutor.accessTestCaseMainPhase(TestSuiteExecutor.java:169)
	at com.kms.katalon.core.main.TestSuiteExecutor.accessTestSuiteMainPhase(TestSuiteExecutor.java:142)
	at com.kms.katalon.core.main.TestSuiteExecutor.execute(TestSuiteExecutor.java:91)
	at com.kms.katalon.core.main.TestCaseMain.startTestSuite(TestCaseMain.java:157)
	at com.kms.katalon.core.main.TestCaseMain$startTestSuite$0.call(Unknown Source)
	at TempTestSuite1590733332872.run(TempTestSuite1590733332872.groovy:37)
Caused by: com.kms.katalon.core.webui.exception.WebElementNotFoundException: Web element with id: 'Object Repository/Page_Town Square - TeamChuDeNC Mattermost/input_httpsmadencchannels_form-control' located by 'By.xpath: //input[@value='ted']' not found
	at com.kms.katalon.core.webui.common.WebUiCommonHelper.findWebElement(WebUiCommonHelper.java:1154)
	at com.kms.katalon.core.webui.keyword.internal.WebUIAbstractKeyword.findWebElement(WebUIAbstractKeyword.groovy:27)
	at com.kms.katalon.core.webui.keyword.internal.WebUIAbstractKeyword.findWebElement(WebUIAbstractKeyword.groovy:26)
	at com.kms.katalon.core.webui.keyword.builtin.SetTextKeyword$_setText_closure1.doCall(SetTextKeyword.groovy:51)
	at com.kms.katalon.core.webui.keyword.builtin.SetTextKeyword$_setText_closure1.call(SetTextKeyword.groovy)
	at com.kms.katalon.core.webui.keyword.internal.WebUIKeywordMain.runKeyword(WebUIKeywordMain.groovy:20)
	at com.kms.katalon.core.webui.keyword.builtin.SetTextKeyword.setText(SetTextKeyword.groovy:66)
	at com.kms.katalon.core.webui.keyword.builtin.SetTextKeyword.execute(SetTextKeyword.groovy:37)
	at com.kms.katalon.core.keyword.internal.KeywordExecutor.executeKeywordForPlatform(KeywordExecutor.groovy:72)
	at com.kms.katalon.core.webui.keyword.WebUiBuiltInKeywords.setText(WebUiBuiltInKeywords.groovy:976)
	at com.kms.katalon.core.webui.keyword.WebUiBuiltInKeywords$setText$1.call(Unknown Source)
	at Script1590733133403.run(Script1590733133403.groovy:35)
	... 13 more
)
[[ATTACHMENT|C:\\Users\\tnguyen583\\Desktop\\HCMUS\\CDNC\\HW2\\Hw2_TestMattermost_8\\Reports\\20200529_132203\\1612715 - Run all test cases\\20200529_132203\\1590735274303.png]]]]></system-out>
         <system-err><![CDATA[2020-05-29 13:53:25 - [TEST_CASE][FAILED] - Test Cases/1612175 - Public Channels/1612715 - Test Public Channels_Private_edit: Test Cases/1612175 - Public Channels/1612715 - Test Public Channels_Private_edit FAILED.
Reason:
com.kms.katalon.core.exception.StepFailedException: Unable to set text 'testurl4' of object 'Object Repository/Page_Town Square - TeamChuDeNC Mattermost/input_httpsmadencchannels_form-control'
	at com.kms.katalon.core.webui.keyword.internal.WebUIKeywordMain.stepFailed(WebUIKeywordMain.groovy:64)
	at com.kms.katalon.core.webui.keyword.internal.WebUIKeywordMain.runKeyword(WebUIKeywordMain.groovy:26)
	at com.kms.katalon.core.webui.keyword.builtin.SetTextKeyword.setText(SetTextKeyword.groovy:66)
	at com.kms.katalon.core.webui.keyword.builtin.SetTextKeyword.execute(SetTextKeyword.groovy:37)
	at com.kms.katalon.core.keyword.internal.KeywordExecutor.executeKeywordForPlatform(KeywordExecutor.groovy:72)
	at com.kms.katalon.core.webui.keyword.WebUiBuiltInKeywords.setText(WebUiBuiltInKeywords.groovy:976)
	at com.kms.katalon.core.webui.keyword.WebUiBuiltInKeywords$setText$1.call(Unknown Source)
	at 1612715 - Test Public Channels_Private_edit.run(1612715 - Test Public Channels_Private_edit:35)
	at com.kms.katalon.core.main.ScriptEngine.run(ScriptEngine.java:194)
	at com.kms.katalon.core.main.ScriptEngine.runScriptAsRawText(ScriptEngine.java:119)
	at com.kms.katalon.core.main.TestCaseExecutor.runScript(TestCaseExecutor.java:337)
	at com.kms.katalon.core.main.TestCaseExecutor.doExecute(TestCaseExecutor.java:328)
	at com.kms.katalon.core.main.TestCaseExecutor.processExecutionPhase(TestCaseExecutor.java:307)
	at com.kms.katalon.core.main.TestCaseExecutor.accessMainPhase(TestCaseExecutor.java:299)
	at com.kms.katalon.core.main.TestCaseExecutor.execute(TestCaseExecutor.java:233)
	at com.kms.katalon.core.main.TestSuiteExecutor.accessTestCaseMainPhase(TestSuiteExecutor.java:169)
	at com.kms.katalon.core.main.TestSuiteExecutor.accessTestSuiteMainPhase(TestSuiteExecutor.java:142)
	at com.kms.katalon.core.main.TestSuiteExecutor.execute(TestSuiteExecutor.java:91)
	at com.kms.katalon.core.main.TestCaseMain.startTestSuite(TestCaseMain.java:157)
	at com.kms.katalon.core.main.TestCaseMain$startTestSuite$0.call(Unknown Source)
	at TempTestSuite1590733332872.run(TempTestSuite1590733332872.groovy:37)
Caused by: com.kms.katalon.core.webui.exception.WebElementNotFoundException: Web element with id: 'Object Repository/Page_Town Square - TeamChuDeNC Mattermost/input_httpsmadencchannels_form-control' located by 'By.xpath: //input[@value='ted']' not found
	at com.kms.katalon.core.webui.common.WebUiCommonHelper.findWebElement(WebUiCommonHelper.java:1154)
	at com.kms.katalon.core.webui.keyword.internal.WebUIAbstractKeyword.findWebElement(WebUIAbstractKeyword.groovy:27)
	at com.kms.katalon.core.webui.keyword.internal.WebUIAbstractKeyword.findWebElement(WebUIAbstractKeyword.groovy:26)
	at com.kms.katalon.core.webui.keyword.builtin.SetTextKeyword$_setText_closure1.doCall(SetTextKeyword.groovy:51)
	at com.kms.katalon.core.webui.keyword.builtin.SetTextKeyword$_setText_closure1.call(SetTextKeyword.groovy)
	at com.kms.katalon.core.webui.keyword.internal.WebUIKeywordMain.runKeyword(WebUIKeywordMain.groovy:20)
	... 19 more]]></system-err>
      </testcase>
      <system-out><![CDATA[2020-05-29 13:22:16 - [TEST_SUITE][FAILED] - 1612715 - Run all test cases: Test Cases/1612175 - Public Channels/1612715 - Test Public Channels_Public FAILED.
Reason:
com.kms.katalon.core.exception.StepFailedException: Unable to click on object 'Object Repository/Page_Town Square - TeamChuDeNC Mattermost/span_'
	at com.kms.katalon.core.webui.keyword.internal.WebUIKeywordMain.stepFailed(WebUIKeywordMain.groovy:64)
	at com.kms.katalon.core.webui.keyword.internal.WebUIKeywordMain.runKeyword(WebUIKeywordMain.groovy:26)
	at com.kms.katalon.core.webui.keyword.builtin.ClickKeyword.click(ClickKeyword.groovy:76)
	at com.kms.katalon.core.webui.keyword.builtin.ClickKeyword.execute(ClickKeyword.groovy:43)
	at com.kms.katalon.core.keyword.internal.KeywordExecutor.executeKeywordForPlatform(KeywordExecutor.groovy:72)
	at com.kms.katalon.core.webui.keyword.WebUiBuiltInKeywords.click(WebUiBuiltInKeywords.groovy:616)
	at com.kms.katalon.core.webui.keyword.WebUiBuiltInKeywords$click$3.call(Unknown Source)
	at 1612715 - Test Public Channels_Public.run(1612715 - Test Public Channels_Public:29)
	at com.kms.katalon.core.main.ScriptEngine.run(ScriptEngine.java:194)
	at com.kms.katalon.core.main.ScriptEngine.runScriptAsRawText(ScriptEngine.java:119)
	at com.kms.katalon.core.main.TestCaseExecutor.runScript(TestCaseExecutor.java:337)
	at com.kms.katalon.core.main.TestCaseExecutor.doExecute(TestCaseExecutor.java:328)
	at com.kms.katalon.core.main.TestCaseExecutor.processExecutionPhase(TestCaseExecutor.java:307)
	at com.kms.katalon.core.main.TestCaseExecutor.accessMainPhase(TestCaseExecutor.java:299)
	at com.kms.katalon.core.main.TestCaseExecutor.execute(TestCaseExecutor.java:233)
	at com.kms.katalon.core.main.TestSuiteExecutor.accessTestCaseMainPhase(TestSuiteExecutor.java:169)
	at com.kms.katalon.core.main.TestSuiteExecutor.accessTestSuiteMainPhase(TestSuiteExecutor.java:142)
	at com.kms.katalon.core.main.TestSuiteExecutor.execute(TestSuiteExecutor.java:91)
	at com.kms.katalon.core.main.TestCaseMain.startTestSuite(TestCaseMain.java:157)
	at com.kms.katalon.core.main.TestCaseMain$startTestSuite$0.call(Unknown Source)
	at TempTestSuite1590733332872.run(TempTestSuite1590733332872.groovy:37)
Caused by: com.kms.katalon.core.webui.exception.WebElementNotFoundException: Web element with id: 'Object Repository/Page_Town Square - TeamChuDeNC Mattermost/span_' located by 'By.xpath: //button[@id='createPublicChannel']/span' not found
	at com.kms.katalon.core.webui.common.WebUiCommonHelper.findWebElement(WebUiCommonHelper.java:1154)
	at com.kms.katalon.core.webui.keyword.internal.WebUIAbstractKeyword.findWebElement(WebUIAbstractKeyword.groovy:27)
	at com.kms.katalon.core.webui.keyword.internal.WebUIAbstractKeyword.findWebElement(WebUIAbstractKeyword.groovy:26)
	at com.kms.katalon.core.webui.keyword.builtin.ClickKeyword$_click_closure1.doCall(ClickKeyword.groovy:67)
	at com.kms.katalon.core.webui.keyword.builtin.ClickKeyword$_click_closure1.call(ClickKeyword.groovy)
	at com.kms.katalon.core.webui.keyword.internal.WebUIKeywordMain.runKeyword(WebUIKeywordMain.groovy:20)
	... 19 more]]></system-out>
      <system-err><![CDATA[2020-05-29 13:22:16 - [TEST_SUITE][FAILED] - 1612715 - Run all test cases: Test Cases/1612175 - Public Channels/1612715 - Test Public Channels_Public FAILED.
Reason:
com.kms.katalon.core.exception.StepFailedException: Unable to click on object 'Object Repository/Page_Town Square - TeamChuDeNC Mattermost/span_'
	at com.kms.katalon.core.webui.keyword.internal.WebUIKeywordMain.stepFailed(WebUIKeywordMain.groovy:64)
	at com.kms.katalon.core.webui.keyword.internal.WebUIKeywordMain.runKeyword(WebUIKeywordMain.groovy:26)
	at com.kms.katalon.core.webui.keyword.builtin.ClickKeyword.click(ClickKeyword.groovy:76)
	at com.kms.katalon.core.webui.keyword.builtin.ClickKeyword.execute(ClickKeyword.groovy:43)
	at com.kms.katalon.core.keyword.internal.KeywordExecutor.executeKeywordForPlatform(KeywordExecutor.groovy:72)
	at com.kms.katalon.core.webui.keyword.WebUiBuiltInKeywords.click(WebUiBuiltInKeywords.groovy:616)
	at com.kms.katalon.core.webui.keyword.WebUiBuiltInKeywords$click$3.call(Unknown Source)
	at 1612715 - Test Public Channels_Public.run(1612715 - Test Public Channels_Public:29)
	at com.kms.katalon.core.main.ScriptEngine.run(ScriptEngine.java:194)
	at com.kms.katalon.core.main.ScriptEngine.runScriptAsRawText(ScriptEngine.java:119)
	at com.kms.katalon.core.main.TestCaseExecutor.runScript(TestCaseExecutor.java:337)
	at com.kms.katalon.core.main.TestCaseExecutor.doExecute(TestCaseExecutor.java:328)
	at com.kms.katalon.core.main.TestCaseExecutor.processExecutionPhase(TestCaseExecutor.java:307)
	at com.kms.katalon.core.main.TestCaseExecutor.accessMainPhase(TestCaseExecutor.java:299)
	at com.kms.katalon.core.main.TestCaseExecutor.execute(TestCaseExecutor.java:233)
	at com.kms.katalon.core.main.TestSuiteExecutor.accessTestCaseMainPhase(TestSuiteExecutor.java:169)
	at com.kms.katalon.core.main.TestSuiteExecutor.accessTestSuiteMainPhase(TestSuiteExecutor.java:142)
	at com.kms.katalon.core.main.TestSuiteExecutor.execute(TestSuiteExecutor.java:91)
	at com.kms.katalon.core.main.TestCaseMain.startTestSuite(TestCaseMain.java:157)
	at com.kms.katalon.core.main.TestCaseMain$startTestSuite$0.call(Unknown Source)
	at TempTestSuite1590733332872.run(TempTestSuite1590733332872.groovy:37)
Caused by: com.kms.katalon.core.webui.exception.WebElementNotFoundException: Web element with id: 'Object Repository/Page_Town Square - TeamChuDeNC Mattermost/span_' located by 'By.xpath: //button[@id='createPublicChannel']/span' not found
	at com.kms.katalon.core.webui.common.WebUiCommonHelper.findWebElement(WebUiCommonHelper.java:1154)
	at com.kms.katalon.core.webui.keyword.internal.WebUIAbstractKeyword.findWebElement(WebUIAbstractKeyword.groovy:27)
	at com.kms.katalon.core.webui.keyword.internal.WebUIAbstractKeyword.findWebElement(WebUIAbstractKeyword.groovy:26)
	at com.kms.katalon.core.webui.keyword.builtin.ClickKeyword$_click_closure1.doCall(ClickKeyword.groovy:67)
	at com.kms.katalon.core.webui.keyword.builtin.ClickKeyword$_click_closure1.call(ClickKeyword.groovy)
	at com.kms.katalon.core.webui.keyword.internal.WebUIKeywordMain.runKeyword(WebUIKeywordMain.groovy:20)
	... 19 more]]></system-err>
   </testsuite>
</testsuites>
